Using pre-set license
Built from '2021.3/staging' branch; Version is '2021.3.21f1 (1b156197d683) revision 1774945'; Using compiler version '192829333'; Build Type 'Release'
OS: 'Windows 11  (10.0.22621) 64bit Professional' Language: 'ru' Physical Memory: 16334 MB
BatchMode: 1, IsHumanControllingUs: 0, StartBugReporterOnCrash: 0, Is64bit: 1, IsPro: 1

COMMAND LINE ARGUMENTS:
D:\Unity\2021.3.21f1\Editor\Unity.exe
-adb2
-batchMode
-noUpm
-name
AssetImportWorker3
-projectPath
C:/Users/mesle/Desktop/Platformer
-logFile
Logs/AssetImportWorker3.log
-srvPort
64820
Successfully changed project path to: C:/Users/mesle/Desktop/Platformer
C:/Users/mesle/Desktop/Platformer
[UnityMemory] Configuration Parameters - Can be set up in boot.config
    "memorysetup-bucket-allocator-granularity=16"
    "memorysetup-bucket-allocator-bucket-count=8"
    "memorysetup-bucket-allocator-block-size=33554432"
    "memorysetup-bucket-allocator-block-count=8"
    "memorysetup-main-allocator-block-size=16777216"
    "memorysetup-thread-allocator-block-size=16777216"
    "memorysetup-gfx-main-allocator-block-size=16777216"
    "memorysetup-gfx-thread-allocator-block-size=16777216"
    "memorysetup-cache-allocator-block-size=4194304"
    "memorysetup-typetree-allocator-block-size=2097152"
    "memorysetup-profiler-bucket-allocator-granularity=16"
    "memorysetup-profiler-bucket-allocator-bucket-count=8"
    "memorysetup-profiler-bucket-allocator-block-size=33554432"
    "memorysetup-profiler-bucket-allocator-block-count=8"
    "memorysetup-profiler-allocator-block-size=16777216"
    "memorysetup-profiler-editor-allocator-block-size=1048576"
    "memorysetup-temp-allocator-size-main=16777216"
    "memorysetup-job-temp-allocator-block-size=2097152"
    "memorysetup-job-temp-allocator-block-size-background=1048576"
    "memorysetup-job-temp-allocator-reduction-small-platforms=262144"
    "memorysetup-temp-allocator-size-background-worker=32768"
    "memorysetup-temp-allocator-size-job-worker=262144"
    "memorysetup-temp-allocator-size-preload-manager=33554432"
    "memorysetup-temp-allocator-size-nav-mesh-worker=65536"
    "memorysetup-temp-allocator-size-audio-worker=65536"
    "memorysetup-temp-allocator-size-cloud-worker=32768"
    "memorysetup-temp-allocator-size-gi-baking-worker=262144"
    "memorysetup-temp-allocator-size-gfx=262144"
Player connection [17760] Host "[IP] 192.168.0.231 [Port] 0 [Flags] 2 [Guid] 2646008758 [EditorId] 2646008758 [Version] 1048832 [Id] WindowsEditor(7,Mishel) [Debug] 1 [PackageName] WindowsEditor [ProjectName] Editor" joined multi-casting on [225.0.0.222:54997]...

Player connection [17760] Host "[IP] 192.168.0.231 [Port] 0 [Flags] 2 [Guid] 2646008758 [EditorId] 2646008758 [Version] 1048832 [Id] WindowsEditor(7,Mishel) [Debug] 1 [PackageName] WindowsEditor [ProjectName] Editor" joined alternative multi-casting on [225.0.0.222:34997]...

Refreshing native plugins compatible for Editor in 167.81 ms, found 4 plugins.
Preloading 0 native plugins for Editor in 0.00 ms.
Initialize engine version: 2021.3.21f1 (1b156197d683)
[Subsystems] Discovering subsystems at path D:/Unity/2021.3.21f1/Editor/Data/Resources/UnitySubsystems
[Subsystems] Discovering subsystems at path C:/Users/mesle/Desktop/Platformer/Assets
GfxDevice: creating device client; threaded=0; jobified=0
Direct3D:
    Version:  Direct3D 11.0 [level 11.1]
    Renderer: NVIDIA GeForce GTX 1650 (ID=0x2188)
    Vendor:   NVIDIA
    VRAM:     3950 MB
    Driver:   31.0.15.2756
Shader 'MoreMountains/MMRipple': fallback shader 'Particle/AlphaBlended' not found
Initialize mono
Mono path[0] = 'D:/Unity/2021.3.21f1/Editor/Data/Managed'
Mono path[1] = 'D:/Unity/2021.3.21f1/Editor/Data/MonoBleedingEdge/lib/mono/unityjit-win32'
Mono config path = 'D:/Unity/2021.3.21f1/Editor/Data/MonoBleedingEdge/etc'
Using monoOptions --debugger-agent=transport=dt_socket,embedding=1,server=y,suspend=n,address=127.0.0.1:56868
Begin MonoManager ReloadAssembly
Registering precompiled unity dll's ...
Register platform support module: D:/Unity/2021.3.21f1/Editor/Data/PlaybackEngines/WebGLSupport/UnityEditor.WebGL.Extensions.dll
Register platform support module: D:/Unity/2021.3.21f1/Editor/Data/PlaybackEngines/WindowsStandaloneSupport/UnityEditor.WindowsStandalone.Extensions.dll
Registered in 0.003120 seconds.
Native extension for WindowsStandalone target not found
Native extension for WebGL target not found
Refreshing native plugins compatible for Editor in 153.98 ms, found 4 plugins.
Preloading 0 native plugins for Editor in 0.00 ms.
Mono: successfully reloaded assembly
- Completed reload, in  1.239 seconds
Domain Reload Profiling:
	ReloadAssembly (1240ms)
		BeginReloadAssembly (100ms)
			ExecutionOrderSort (0ms)
			DisableScriptedObjects (0ms)
			BackupInstance (0ms)
			ReleaseScriptingObjects (0ms)
			CreateAndSetChildDomain (1ms)
		EndReloadAssembly (836ms)
			LoadAssemblies (99ms)
			RebuildTransferFunctionScriptingTraits (0ms)
			SetupTypeCache (366ms)
			ReleaseScriptCaches (0ms)
			RebuildScriptCaches (31ms)
			SetupLoadedEditorAssemblies (380ms)
				LogAssemblyErrors (0ms)
				InitializePlatformSupportModulesInManaged (9ms)
				SetLoadedEditorAssemblies (0ms)
				RefreshPlugins (154ms)
				BeforeProcessingInitializeOnLoad (1ms)
				ProcessInitializeOnLoadAttributes (150ms)
				ProcessInitializeOnLoadMethodAttributes (65ms)
				AfterProcessingInitializeOnLoad (0ms)
				EditorAssembliesLoaded (0ms)
			ExecutionOrderSort2 (0ms)
			AwakeInstancesAfterBackupRestoration (0ms)
Platform modules already initialized, skipping
Registering precompiled user dll's ...
Registered in 0.010584 seconds.
Begin MonoManager ReloadAssembly
Symbol file LoadedFromMemory doesn't match image C:\Users\mesle\Desktop\Platformer\Library\PackageCache\com.unity.visualscripting@1.8.0\Editor\VisualScripting.Core\Dependencies\YamlDotNet\Unity.VisualScripting.YamlDotNet.dll
Symbol file LoadedFromMemory doesn't match image C:\Users\mesle\Desktop\Platformer\Library\PackageCache\com.unity.visualscripting@1.8.0\Editor\VisualScripting.Core\Dependencies\DotNetZip\Unity.VisualScripting.IonicZip.dll
Native extension for WindowsStandalone target not found
Native extension for WebGL target not found
Refreshing native plugins compatible for Editor in 153.14 ms, found 4 plugins.
Preloading 0 native plugins for Editor in 0.00 ms.
Mono: successfully reloaded assembly
- Completed reload, in  1.664 seconds
Domain Reload Profiling:
	ReloadAssembly (1665ms)
		BeginReloadAssembly (138ms)
			ExecutionOrderSort (0ms)
			DisableScriptedObjects (7ms)
			BackupInstance (0ms)
			ReleaseScriptingObjects (0ms)
			CreateAndSetChildDomain (25ms)
		EndReloadAssembly (1402ms)
			LoadAssemblies (121ms)
			RebuildTransferFunctionScriptingTraits (0ms)
			SetupTypeCache (327ms)
			ReleaseScriptCaches (1ms)
			RebuildScriptCaches (107ms)
			SetupLoadedEditorAssemblies (787ms)
				LogAssemblyErrors (0ms)
				InitializePlatformSupportModulesInManaged (5ms)
				SetLoadedEditorAssemblies (0ms)
				RefreshPlugins (153ms)
				BeforeProcessingInitializeOnLoad (115ms)
				ProcessInitializeOnLoadAttributes (459ms)
				ProcessInitializeOnLoadMethodAttributes (52ms)
				AfterProcessingInitializeOnLoad (3ms)
				EditorAssembliesLoaded (0ms)
			ExecutionOrderSort2 (0ms)
			AwakeInstancesAfterBackupRestoration (14ms)
Platform modules already initialized, skipping
========================================================================
Worker process is ready to serve import requests
Shader 'MoreMountains/MMRipple': fallback shader 'Particle/AlphaBlended' not found
Launched and connected shader compiler UnityShaderCompiler.exe after 0.25 seconds
Refreshing native plugins compatible for Editor in 1.26 ms, found 4 plugins.
Preloading 0 native plugins for Editor in 0.00 ms.
Unloading 5117 Unused Serialized files (Serialized files now loaded: 0)
Unloading 59 unused Assets / (1.3 MB). Loaded Objects now: 5574.
Memory consumption went from 281.1 MB to 279.8 MB.
Total: 5.208600 ms (FindLiveObjects: 0.519700 ms CreateObjectMapping: 0.172500 ms MarkObjects: 4.128600 ms  DeleteObjects: 0.386200 ms)

AssetImportParameters requested are different than current active one (requested -> active):
  custom:video-decoder-ogg-theora: a1e56fd34408186e4bbccfd4996cb3dc -> 
  custom:container-muxer-webm: aa71ff27fc2769a1b78a27578f13a17b -> 
  custom:container-demuxer-webm: 4f35f7cbe854078d1ac9338744f61a02 -> 
  custom:video-encoder-webm-vp8: eb34c28f22e8b96e1ab97ce403110664 -> 
  custom:video-codec-MediaFoundation-h265: 746d11721c4dcdbdad8f713fa42b33f4 -> 
  custom:audio-encoder-webm-vorbis: bf7c407c2cedff20999df2af8eb42d56 -> 
  custom:framework-win-MediaFoundation: 216162199b28c13a410421893ffa2e32 -> 
  custom:container-demuxer-ogg: 62fdf1f143b41e24485cea50d1cbac27 -> 
  custom:video-decoder-webm-vp8: 9c59270c3fd7afecdb556c50c9e8de78 -> 
  custom:audio-decoder-ogg-vorbis: bf7c407c2cedff20999df2af8eb42d56 -> 
========================================================================
Received Import Request.
  Time since last request: 8465.356456 seconds.
  path: Assets/_Forest Adventure/Art/2BlueWizardIdle/Chara - BlueIdle00000.png
  artifactKey: Guid(dd910f5d22d4f8f4b97dada202b6a634) Importer(815301076,1909f56bfc062723c751e8b465ee728b)
Start importing Assets/_Forest Adventure/Art/2BlueWizardIdle/Chara - BlueIdle00000.png using Guid(dd910f5d22d4f8f4b97dada202b6a634) Importer(815301076,1909f56bfc062723c751e8b465ee728b)  -> (artifact id: '10a22e54bb3a1ba1374fa81a85a0de08') in 0.259855 seconds 
========================================================================
Received Import Request.
  Time since last request: 0.000066 seconds.
  path: Assets/_Forest Adventure/Art/2BlueWizardIdle/Chara - BlueIdle00009.png
  artifactKey: Guid(09ed743ea3c7f7845a42590fdbebaad3) Importer(815301076,1909f56bfc062723c751e8b465ee728b)
Start importing Assets/_Forest Adventure/Art/2BlueWizardIdle/Chara - BlueIdle00009.png using Guid(09ed743ea3c7f7845a42590fdbebaad3) Importer(815301076,1909f56bfc062723c751e8b465ee728b)  -> (artifact id: 'b34d823b742ca44c8942489eb76c021a') in 0.016361 seconds 
========================================================================
Received Import Request.
  Time since last request: 0.000065 seconds.
  path: Assets/_Forest Adventure/Art/2BlueWizardIdle/Chara - BlueIdle00019.png
  artifactKey: Guid(6cba544e9ac59ff439113dcf7b2ab5ca) Importer(815301076,1909f56bfc062723c751e8b465ee728b)
Start importing Assets/_Forest Adventure/Art/2BlueWizardIdle/Chara - BlueIdle00019.png using Guid(6cba544e9ac59ff439113dcf7b2ab5ca) Importer(815301076,1909f56bfc062723c751e8b465ee728b)  -> (artifact id: '115429c1f97386e1ab0c8a973f53cd3f') in 0.019351 seconds 
========================================================================
Received Import Request.
  Time since last request: 0.000044 seconds.
  path: Assets/_Forest Adventure/Art/2BlueWizardIdle/Chara - BlueIdle00001.png
  artifactKey: Guid(3abc7388898cc634c906348d4279a60d) Importer(815301076,1909f56bfc062723c751e8b465ee728b)
Start importing Assets/_Forest Adventure/Art/2BlueWizardIdle/Chara - BlueIdle00001.png using Guid(3abc7388898cc634c906348d4279a60d) Importer(815301076,1909f56bfc062723c751e8b465ee728b)  -> (artifact id: 'ce6046b749089b81122c008682e4870c') in 0.013084 seconds 
========================================================================
Received Import Request.
  Time since last request: 0.000039 seconds.
  path: Assets/_Forest Adventure/Art/2BlueWizardIdle/Chara - BlueIdle00011.png
  artifactKey: Guid(5491355c83c9f8140985aff308801cd1) Importer(815301076,1909f56bfc062723c751e8b465ee728b)
Start importing Assets/_Forest Adventure/Art/2BlueWizardIdle/Chara - BlueIdle00011.png using Guid(5491355c83c9f8140985aff308801cd1) Importer(815301076,1909f56bfc062723c751e8b465ee728b)  -> (artifact id: 'fee784e878ee0c8f3377853ba2347f7f') in 0.011772 seconds 
========================================================================
Received Import Request.
  Time since last request: 0.000046 seconds.
  path: Assets/_Forest Adventure/Art/2BlueWizardIdle/Chara - BlueIdle00017.png
  artifactKey: Guid(d9141177031a5c8448cab4488be44aa3) Importer(815301076,1909f56bfc062723c751e8b465ee728b)
Start importing Assets/_Forest Adventure/Art/2BlueWizardIdle/Chara - BlueIdle00017.png using Guid(d9141177031a5c8448cab4488be44aa3) Importer(815301076,1909f56bfc062723c751e8b465ee728b)  -> (artifact id: 'bb5248329697a0728a6254645d7fc69c') in 0.016118 seconds 
========================================================================
Received Import Request.
  Time since last request: 0.000035 seconds.
  path: Assets/_Forest Adventure/Art/2BlueWizardIdle/Chara - BlueIdle00002.png
  artifactKey: Guid(dbc11bef3ddf85a458d4ff9b1f09e31f) Importer(815301076,1909f56bfc062723c751e8b465ee728b)
Start importing Assets/_Forest Adventure/Art/2BlueWizardIdle/Chara - BlueIdle00002.png using Guid(dbc11bef3ddf85a458d4ff9b1f09e31f) Importer(815301076,1909f56bfc062723c751e8b465ee728b)  -> (artifact id: '43d99e4457407021245129f65eac0055') in 0.016516 seconds 
========================================================================
Received Import Request.
  Time since last request: 0.000035 seconds.
  path: Assets/_Forest Adventure/Art/2BlueWizardIdle/Chara - BlueIdle00016.png
  artifactKey: Guid(0cb61c21e5a65c443aedd033ca2ae008) Importer(815301076,1909f56bfc062723c751e8b465ee728b)
Start importing Assets/_Forest Adventure/Art/2BlueWizardIdle/Chara - BlueIdle00016.png using Guid(0cb61c21e5a65c443aedd033ca2ae008) Importer(815301076,1909f56bfc062723c751e8b465ee728b)  -> (artifact id: 'e6ca3aca457224f2535627a29a47db56') in 0.021665 seconds 
========================================================================
Received Import Request.
  Time since last request: 0.000039 seconds.
  path: Assets/_Forest Adventure/Art/2BlueWizardIdle/Chara - BlueIdle00014.png
  artifactKey: Guid(3e561a5222d50924aa3dad45ebdceaf6) Importer(815301076,1909f56bfc062723c751e8b465ee728b)
Start importing Assets/_Forest Adventure/Art/2BlueWizardIdle/Chara - BlueIdle00014.png using Guid(3e561a5222d50924aa3dad45ebdceaf6) Importer(815301076,1909f56bfc062723c751e8b465ee728b)  -> (artifact id: '410a430b76dece7a8aa6fc4ea289f6ce') in 0.011653 seconds 
========================================================================
Received Import Request.
  Time since last request: 0.000032 seconds.
  path: Assets/_Forest Adventure/Art/2BlueWizardIdle/Chara - BlueIdle00015.png
  artifactKey: Guid(99c70a0cfac1a7c408c2cfc1c90f5936) Importer(815301076,1909f56bfc062723c751e8b465ee728b)
Start importing Assets/_Forest Adventure/Art/2BlueWizardIdle/Chara - BlueIdle00015.png using Guid(99c70a0cfac1a7c408c2cfc1c90f5936) Importer(815301076,1909f56bfc062723c751e8b465ee728b)  -> (artifact id: 'cb3ea4e3c3d537685e1c68ad92894c63') in 0.010318 seconds 
========================================================================
Received Import Request.
  Time since last request: 6.277089 seconds.
  path: Assets/_Forest Adventure/Art/2BlueWizardIdle/Chara - BlueIdle00002.png
  artifactKey: Guid(dbc11bef3ddf85a458d4ff9b1f09e31f) Importer(815301076,1909f56bfc062723c751e8b465ee728b)
Start importing Assets/_Forest Adventure/Art/2BlueWizardIdle/Chara - BlueIdle00002.png using Guid(dbc11bef3ddf85a458d4ff9b1f09e31f) Importer(815301076,1909f56bfc062723c751e8b465ee728b)  -> (artifact id: '72f156e5a63e958ea37a68f4a73e7898') in 0.010525 seconds 
========================================================================
Received Import Request.
  Time since last request: 0.000038 seconds.
  path: Assets/_Forest Adventure/Art/2BlueWizardIdle/Chara - BlueIdle00010.png
  artifactKey: Guid(c96a074abe75a444aa50266811401439) Importer(815301076,1909f56bfc062723c751e8b465ee728b)
Start importing Assets/_Forest Adventure/Art/2BlueWizardIdle/Chara - BlueIdle00010.png using Guid(c96a074abe75a444aa50266811401439) Importer(815301076,1909f56bfc062723c751e8b465ee728b)  -> (artifact id: 'ff35df13e88218d91dec48034cd681d3') in 0.009735 seconds 
========================================================================
Received Import Request.
  Time since last request: 0.000033 seconds.
  path: Assets/_Forest Adventure/Art/2BlueWizardIdle/Chara - BlueIdle00009.png
  artifactKey: Guid(09ed743ea3c7f7845a42590fdbebaad3) Importer(815301076,1909f56bfc062723c751e8b465ee728b)
Start importing Assets/_Forest Adventure/Art/2BlueWizardIdle/Chara - BlueIdle00009.png using Guid(09ed743ea3c7f7845a42590fdbebaad3) Importer(815301076,1909f56bfc062723c751e8b465ee728b)  -> (artifact id: 'f46720d67ad34a6ddc6065e72df2ed77') in 0.009750 seconds 
========================================================================
Received Import Request.
  Time since last request: 0.000035 seconds.
  path: Assets/_Forest Adventure/Art/2BlueWizardIdle/Chara - BlueIdle00012.png
  artifactKey: Guid(584440966f9880a4b85444a8636b81a9) Importer(815301076,1909f56bfc062723c751e8b465ee728b)
Start importing Assets/_Forest Adventure/Art/2BlueWizardIdle/Chara - BlueIdle00012.png using Guid(584440966f9880a4b85444a8636b81a9) Importer(815301076,1909f56bfc062723c751e8b465ee728b)  -> (artifact id: '82d7af296e1fca027289edb3b2af62f1') in 0.010039 seconds 
========================================================================
Received Import Request.
  Time since last request: 0.000034 seconds.
  path: Assets/_Forest Adventure/Art/2BlueWizardIdle/Chara - BlueIdle00005.png
  artifactKey: Guid(f197be86108c88e46b3eadd0b8497ccd) Importer(815301076,1909f56bfc062723c751e8b465ee728b)
Start importing Assets/_Forest Adventure/Art/2BlueWizardIdle/Chara - BlueIdle00005.png using Guid(f197be86108c88e46b3eadd0b8497ccd) Importer(815301076,1909f56bfc062723c751e8b465ee728b)  -> (artifact id: '303c97d82a796cf06930fadd1ccabf16') in 0.009931 seconds 
========================================================================
Received Import Request.
  Time since last request: 0.000031 seconds.
  path: Assets/_Forest Adventure/Art/2BlueWizardIdle/Chara - BlueIdle00018.png
  artifactKey: Guid(2d46ec4b6b5338e45a570f3b618455a7) Importer(815301076,1909f56bfc062723c751e8b465ee728b)
Start importing Assets/_Forest Adventure/Art/2BlueWizardIdle/Chara - BlueIdle00018.png using Guid(2d46ec4b6b5338e45a570f3b618455a7) Importer(815301076,1909f56bfc062723c751e8b465ee728b)  -> (artifact id: 'd840ee9f99ac0936ab54f324093d1159') in 0.008374 seconds 
========================================================================
Received Import Request.
  Time since last request: 0.000036 seconds.
  path: Assets/_Forest Adventure/Art/2BlueWizardIdle/Chara - BlueIdle00016.png
  artifactKey: Guid(0cb61c21e5a65c443aedd033ca2ae008) Importer(815301076,1909f56bfc062723c751e8b465ee728b)
Start importing Assets/_Forest Adventure/Art/2BlueWizardIdle/Chara - BlueIdle00016.png using Guid(0cb61c21e5a65c443aedd033ca2ae008) Importer(815301076,1909f56bfc062723c751e8b465ee728b)  -> (artifact id: 'bcdd1607b0751cc0027d729d4c717a9d') in 0.010987 seconds 
========================================================================
Received Import Request.
  Time since last request: 0.000046 seconds.
  path: Assets/_Forest Adventure/Art/2BlueWizardIdle/Chara - BlueIdle00013.png
  artifactKey: Guid(ee8fbd5990dd40a4581a6f1e89748e9c) Importer(815301076,1909f56bfc062723c751e8b465ee728b)
Start importing Assets/_Forest Adventure/Art/2BlueWizardIdle/Chara - BlueIdle00013.png using Guid(ee8fbd5990dd40a4581a6f1e89748e9c) Importer(815301076,1909f56bfc062723c751e8b465ee728b)  -> (artifact id: '7c30cc39a57130fedea945f394b0d403') in 0.012407 seconds 
========================================================================
Received Import Request.
  Time since last request: 0.000032 seconds.
  path: Assets/_Forest Adventure/Art/2BlueWizardIdle/Chara - BlueIdle00015.png
  artifactKey: Guid(99c70a0cfac1a7c408c2cfc1c90f5936) Importer(815301076,1909f56bfc062723c751e8b465ee728b)
Start importing Assets/_Forest Adventure/Art/2BlueWizardIdle/Chara - BlueIdle00015.png using Guid(99c70a0cfac1a7c408c2cfc1c90f5936) Importer(815301076,1909f56bfc062723c751e8b465ee728b)  -> (artifact id: '1f289e1b7398959304ffc4d8a37885d3') in 0.010094 seconds 
========================================================================
Received Import Request.
  Time since last request: 22.019487 seconds.
  path: Assets/_Forest Adventure/Art/2BlueWizardIdle/Chara - BlueIdle00002.png
  artifactKey: Guid(dbc11bef3ddf85a458d4ff9b1f09e31f) Importer(815301076,1909f56bfc062723c751e8b465ee728b)
Start importing Assets/_Forest Adventure/Art/2BlueWizardIdle/Chara - BlueIdle00002.png using Guid(dbc11bef3ddf85a458d4ff9b1f09e31f) Importer(815301076,1909f56bfc062723c751e8b465ee728b)  -> (artifact id: '1d479290a5a526f4bb2e241b614d38e4') in 0.011044 seconds 
========================================================================
Received Import Request.
  Time since last request: 0.000032 seconds.
  path: Assets/_Forest Adventure/Art/2BlueWizardIdle/Chara - BlueIdle00006.png
  artifactKey: Guid(d72f2454200916c48baa81654288d90e) Importer(815301076,1909f56bfc062723c751e8b465ee728b)
Start importing Assets/_Forest Adventure/Art/2BlueWizardIdle/Chara - BlueIdle00006.png using Guid(d72f2454200916c48baa81654288d90e) Importer(815301076,1909f56bfc062723c751e8b465ee728b)  -> (artifact id: 'e3f5de624259a6693731836c90901815') in 0.010673 seconds 
========================================================================
Received Import Request.
  Time since last request: 0.000026 seconds.
  path: Assets/_Forest Adventure/Art/2BlueWizardIdle/Chara - BlueIdle00012.png
  artifactKey: Guid(584440966f9880a4b85444a8636b81a9) Importer(815301076,1909f56bfc062723c751e8b465ee728b)
Start importing Assets/_Forest Adventure/Art/2BlueWizardIdle/Chara - BlueIdle00012.png using Guid(584440966f9880a4b85444a8636b81a9) Importer(815301076,1909f56bfc062723c751e8b465ee728b)  -> (artifact id: '9bd96bc351006223aa29e4200ab7a66d') in 0.010552 seconds 
========================================================================
Received Import Request.
  Time since last request: 0.000027 seconds.
  path: Assets/_Forest Adventure/Art/2BlueWizardIdle/Chara - BlueIdle00016.png
  artifactKey: Guid(0cb61c21e5a65c443aedd033ca2ae008) Importer(815301076,1909f56bfc062723c751e8b465ee728b)
Start importing Assets/_Forest Adventure/Art/2BlueWizardIdle/Chara - BlueIdle00016.png using Guid(0cb61c21e5a65c443aedd033ca2ae008) Importer(815301076,1909f56bfc062723c751e8b465ee728b)  -> (artifact id: '915373f12b51c3a5e406af3eab37c490') in 0.012301 seconds 
========================================================================
Received Import Request.
  Time since last request: 0.000040 seconds.
  path: Assets/_Forest Adventure/Art/2BlueWizardIdle/Chara - BlueIdle00015.png
  artifactKey: Guid(99c70a0cfac1a7c408c2cfc1c90f5936) Importer(815301076,1909f56bfc062723c751e8b465ee728b)
Start importing Assets/_Forest Adventure/Art/2BlueWizardIdle/Chara - BlueIdle00015.png using Guid(99c70a0cfac1a7c408c2cfc1c90f5936) Importer(815301076,1909f56bfc062723c751e8b465ee728b)  -> (artifact id: 'b4feaaf3c832f2cc4b7bd22d5a2bcf06') in 0.009195 seconds 
========================================================================
Received Import Request.
  Time since last request: 95.856616 seconds.
  path: Assets/_Forest Adventure/Art/2BlueWizardIdle/Materials/Chara - BlueIdle00001.mat
  artifactKey: Guid(d90e5c4a689df12438cf2a1cf6a764c0) Importer(815301076,1909f56bfc062723c751e8b465ee728b)
Start importing Assets/_Forest Adventure/Art/2BlueWizardIdle/Materials/Chara - BlueIdle00001.mat using Guid(d90e5c4a689df12438cf2a1cf6a764c0) Importer(815301076,1909f56bfc062723c751e8b465ee728b)  -> (artifact id: 'a62fe638f8334299797e8f41a2d13944') in 0.077426 seconds 
========================================================================
Received Import Request.
  Time since last request: 0.000036 seconds.
  path: Assets/_Forest Adventure/Art/2BlueWizardIdle/Materials/Chara - BlueIdle00016.mat
  artifactKey: Guid(d5e99ddab7c5a594b9986e526754bbcc) Importer(815301076,1909f56bfc062723c751e8b465ee728b)
Start importing Assets/_Forest Adventure/Art/2BlueWizardIdle/Materials/Chara - BlueIdle00016.mat using Guid(d5e99ddab7c5a594b9986e526754bbcc) Importer(815301076,1909f56bfc062723c751e8b465ee728b)  -> (artifact id: 'cd13c1e6d0f8cc3c6243133ebb362dc7') in 0.015605 seconds 
========================================================================
Received Import Request.
  Time since last request: 0.000035 seconds.
  path: Assets/_Forest Adventure/Art/2BlueWizardIdle/Materials/Chara - BlueIdle00007.mat
  artifactKey: Guid(08868bf757f362141a4d28a558f5eb82) Importer(815301076,1909f56bfc062723c751e8b465ee728b)
Start importing Assets/_Forest Adventure/Art/2BlueWizardIdle/Materials/Chara - BlueIdle00007.mat using Guid(08868bf757f362141a4d28a558f5eb82) Importer(815301076,1909f56bfc062723c751e8b465ee728b)  -> (artifact id: '080a3ea4d9fe068b2f3fd8f025c266e3') in 0.036383 seconds 
========================================================================
Received Import Request.
  Time since last request: 0.000036 seconds.
  path: Assets/_Forest Adventure/Art/2BlueWizardIdle/Materials/Chara - BlueIdle00002.mat
  artifactKey: Guid(3064003ec71151441bb2feda9a2d16c7) Importer(815301076,1909f56bfc062723c751e8b465ee728b)
Start importing Assets/_Forest Adventure/Art/2BlueWizardIdle/Materials/Chara - BlueIdle00002.mat using Guid(3064003ec71151441bb2feda9a2d16c7) Importer(815301076,1909f56bfc062723c751e8b465ee728b)  -> (artifact id: '02fa0718f4a79aa95aded6395301ebd8') in 0.016060 seconds 
========================================================================
Received Import Request.
  Time since last request: 0.000032 seconds.
  path: Assets/_Forest Adventure/Art/2BlueWizardIdle/Materials/Chara - BlueIdle00018.mat
  artifactKey: Guid(f9be766c271d9844eadeee2c93ee3843) Importer(815301076,1909f56bfc062723c751e8b465ee728b)
Start importing Assets/_Forest Adventure/Art/2BlueWizardIdle/Materials/Chara - BlueIdle00018.mat using Guid(f9be766c271d9844eadeee2c93ee3843) Importer(815301076,1909f56bfc062723c751e8b465ee728b)  -> (artifact id: 'bd86478e6709e734f8ee032117e3f574') in 0.039782 seconds 
========================================================================
Received Import Request.
  Time since last request: 0.000028 seconds.
  path: Assets/_Forest Adventure/Art/2BlueWizardIdle/Materials/Chara - BlueIdle00004.mat
  artifactKey: Guid(20b58b54d3d20b049a40391af0b82dfa) Importer(815301076,1909f56bfc062723c751e8b465ee728b)
Start importing Assets/_Forest Adventure/Art/2BlueWizardIdle/Materials/Chara - BlueIdle00004.mat using Guid(20b58b54d3d20b049a40391af0b82dfa) Importer(815301076,1909f56bfc062723c751e8b465ee728b)  -> (artifact id: '892ae354de3da3db4db5eca8533d4dc7') in 0.019733 seconds 
========================================================================
Received Import Request.
  Time since last request: 0.000052 seconds.
  path: Assets/_Forest Adventure/Art/2BlueWizardIdle/Materials/Chara - BlueIdle00015.mat
  artifactKey: Guid(5582e256a18475840bf19e3c88e7f79d) Importer(815301076,1909f56bfc062723c751e8b465ee728b)
Start importing Assets/_Forest Adventure/Art/2BlueWizardIdle/Materials/Chara - BlueIdle00015.mat using Guid(5582e256a18475840bf19e3c88e7f79d) Importer(815301076,1909f56bfc062723c751e8b465ee728b)  -> (artifact id: 'f1e59f917fa554f4e43be8754f47aee0') in 0.013109 seconds 
========================================================================
Received Import Request.
  Time since last request: 0.000025 seconds.
  path: Assets/_Forest Adventure/Art/2BlueWizardIdle/Materials/Chara - BlueIdle00009.mat
  artifactKey: Guid(e3ef1f0458e042a47a436d3b9a22a774) Importer(815301076,1909f56bfc062723c751e8b465ee728b)
Start importing Assets/_Forest Adventure/Art/2BlueWizardIdle/Materials/Chara - BlueIdle00009.mat using Guid(e3ef1f0458e042a47a436d3b9a22a774) Importer(815301076,1909f56bfc062723c751e8b465ee728b)  -> (artifact id: 'e702e44ec3f7d077162534e369d334a0') in 0.010584 seconds 
========================================================================
Received Import Request.
  Time since last request: 0.000039 seconds.
  path: Assets/_Forest Adventure/Art/2BlueWizardIdle/Materials/Chara - BlueIdle00013.mat
  artifactKey: Guid(dd6619e7c8e7a97428bc4f3e924b9737) Importer(815301076,1909f56bfc062723c751e8b465ee728b)
Start importing Assets/_Forest Adventure/Art/2BlueWizardIdle/Materials/Chara - BlueIdle00013.mat using Guid(dd6619e7c8e7a97428bc4f3e924b9737) Importer(815301076,1909f56bfc062723c751e8b465ee728b)  -> (artifact id: 'fc6550e98bf12e2a0d043db4e74f76b8') in 0.009359 seconds 
========================================================================
Received Import Request.
  Time since last request: 0.000036 seconds.
  path: Assets/_Forest Adventure/Art/2BlueWizardIdle/Materials/Chara - BlueIdle00005.mat
  artifactKey: Guid(7412512935c478f46a59f2c1c9d84a82) Importer(815301076,1909f56bfc062723c751e8b465ee728b)
Start importing Assets/_Forest Adventure/Art/2BlueWizardIdle/Materials/Chara - BlueIdle00005.mat using Guid(7412512935c478f46a59f2c1c9d84a82) Importer(815301076,1909f56bfc062723c751e8b465ee728b)  -> (artifact id: '722becf7e7b8d3223c9695de532aa625') in 0.010248 seconds 
Editor requested this worker to shutdown with reason: Scaling down because of idle timeout
AssetImportWorker is now disconnected from the server
Process exiting
Exiting without the bug reporter. Application will terminate with return code 0