Using pre-set license
Built from '2021.3/staging' branch; Version is '2021.3.21f1 (1b156197d683) revision 1774945'; Using compiler version '192829333'; Build Type 'Release'
OS: 'Windows 11  (10.0.22621) 64bit Professional' Language: 'ru' Physical Memory: 16334 MB
BatchMode: 1, IsHumanControllingUs: 0, StartBugReporterOnCrash: 0, Is64bit: 1, IsPro: 1

COMMAND LINE ARGUMENTS:
D:\Unity\2021.3.21f1\Editor\Unity.exe
-adb2
-batchMode
-noUpm
-name
AssetImportWorker7
-projectPath
C:/Users/mesle/Desktop/Platformer
-logFile
Logs/AssetImportWorker7.log
-srvPort
64820
Successfully changed project path to: C:/Users/mesle/Desktop/Platformer
C:/Users/mesle/Desktop/Platformer
[UnityMemory] Configuration Parameters - Can be set up in boot.config
    "memorysetup-bucket-allocator-granularity=16"
    "memorysetup-bucket-allocator-bucket-count=8"
    "memorysetup-bucket-allocator-block-size=33554432"
    "memorysetup-bucket-allocator-block-count=8"
    "memorysetup-main-allocator-block-size=16777216"
    "memorysetup-thread-allocator-block-size=16777216"
    "memorysetup-gfx-main-allocator-block-size=16777216"
    "memorysetup-gfx-thread-allocator-block-size=16777216"
    "memorysetup-cache-allocator-block-size=4194304"
    "memorysetup-typetree-allocator-block-size=2097152"
    "memorysetup-profiler-bucket-allocator-granularity=16"
    "memorysetup-profiler-bucket-allocator-bucket-count=8"
    "memorysetup-profiler-bucket-allocator-block-size=33554432"
    "memorysetup-profiler-bucket-allocator-block-count=8"
    "memorysetup-profiler-allocator-block-size=16777216"
    "memorysetup-profiler-editor-allocator-block-size=1048576"
    "memorysetup-temp-allocator-size-main=16777216"
    "memorysetup-job-temp-allocator-block-size=2097152"
    "memorysetup-job-temp-allocator-block-size-background=1048576"
    "memorysetup-job-temp-allocator-reduction-small-platforms=262144"
    "memorysetup-temp-allocator-size-background-worker=32768"
    "memorysetup-temp-allocator-size-job-worker=262144"
    "memorysetup-temp-allocator-size-preload-manager=33554432"
    "memorysetup-temp-allocator-size-nav-mesh-worker=65536"
    "memorysetup-temp-allocator-size-audio-worker=65536"
    "memorysetup-temp-allocator-size-cloud-worker=32768"
    "memorysetup-temp-allocator-size-gi-baking-worker=262144"
    "memorysetup-temp-allocator-size-gfx=262144"
Player connection [15864] Host "[IP] 192.168.0.231 [Port] 0 [Flags] 2 [Guid] 1601172149 [EditorId] 1601172149 [Version] 1048832 [Id] WindowsEditor(7,Mishel) [Debug] 1 [PackageName] WindowsEditor [ProjectName] Editor" joined multi-casting on [225.0.0.222:54997]...

Player connection [15864] Host "[IP] 192.168.0.231 [Port] 0 [Flags] 2 [Guid] 1601172149 [EditorId] 1601172149 [Version] 1048832 [Id] WindowsEditor(7,Mishel) [Debug] 1 [PackageName] WindowsEditor [ProjectName] Editor" joined alternative multi-casting on [225.0.0.222:34997]...

Refreshing native plugins compatible for Editor in 159.24 ms, found 4 plugins.
Preloading 0 native plugins for Editor in 0.00 ms.
Initialize engine version: 2021.3.21f1 (1b156197d683)
[Subsystems] Discovering subsystems at path D:/Unity/2021.3.21f1/Editor/Data/Resources/UnitySubsystems
[Subsystems] Discovering subsystems at path C:/Users/mesle/Desktop/Platformer/Assets
GfxDevice: creating device client; threaded=0; jobified=0
Direct3D:
    Version:  Direct3D 11.0 [level 11.1]
    Renderer: NVIDIA GeForce GTX 1650 (ID=0x2188)
    Vendor:   NVIDIA
    VRAM:     3950 MB
    Driver:   31.0.15.2756
Shader 'MoreMountains/MMRipple': fallback shader 'Particle/AlphaBlended' not found
Initialize mono
Mono path[0] = 'D:/Unity/2021.3.21f1/Editor/Data/Managed'
Mono path[1] = 'D:/Unity/2021.3.21f1/Editor/Data/MonoBleedingEdge/lib/mono/unityjit-win32'
Mono config path = 'D:/Unity/2021.3.21f1/Editor/Data/MonoBleedingEdge/etc'
Using monoOptions --debugger-agent=transport=dt_socket,embedding=1,server=y,suspend=n,address=127.0.0.1:56208
Begin MonoManager ReloadAssembly
Registering precompiled unity dll's ...
Register platform support module: D:/Unity/2021.3.21f1/Editor/Data/PlaybackEngines/WebGLSupport/UnityEditor.WebGL.Extensions.dll
Register platform support module: D:/Unity/2021.3.21f1/Editor/Data/PlaybackEngines/WindowsStandaloneSupport/UnityEditor.WindowsStandalone.Extensions.dll
Registered in 0.003234 seconds.
Native extension for WindowsStandalone target not found
Native extension for WebGL target not found
Refreshing native plugins compatible for Editor in 151.98 ms, found 4 plugins.
Preloading 0 native plugins for Editor in 0.00 ms.
Mono: successfully reloaded assembly
- Completed reload, in  0.794 seconds
Domain Reload Profiling:
	ReloadAssembly (795ms)
		BeginReloadAssembly (99ms)
			ExecutionOrderSort (0ms)
			DisableScriptedObjects (0ms)
			BackupInstance (0ms)
			ReleaseScriptingObjects (0ms)
			CreateAndSetChildDomain (1ms)
		EndReloadAssembly (587ms)
			LoadAssemblies (98ms)
			RebuildTransferFunctionScriptingTraits (0ms)
			SetupTypeCache (129ms)
			ReleaseScriptCaches (0ms)
			RebuildScriptCaches (31ms)
			SetupLoadedEditorAssemblies (368ms)
				LogAssemblyErrors (0ms)
				InitializePlatformSupportModulesInManaged (9ms)
				SetLoadedEditorAssemblies (0ms)
				RefreshPlugins (152ms)
				BeforeProcessingInitializeOnLoad (2ms)
				ProcessInitializeOnLoadAttributes (145ms)
				ProcessInitializeOnLoadMethodAttributes (60ms)
				AfterProcessingInitializeOnLoad (0ms)
				EditorAssembliesLoaded (0ms)
			ExecutionOrderSort2 (0ms)
			AwakeInstancesAfterBackupRestoration (0ms)
Platform modules already initialized, skipping
Registering precompiled user dll's ...
Registered in 0.008849 seconds.
Begin MonoManager ReloadAssembly
Symbol file LoadedFromMemory doesn't match image C:\Users\mesle\Desktop\Platformer\Library\PackageCache\com.unity.visualscripting@1.8.0\Editor\VisualScripting.Core\Dependencies\YamlDotNet\Unity.VisualScripting.YamlDotNet.dll
Symbol file LoadedFromMemory doesn't match image C:\Users\mesle\Desktop\Platformer\Library\PackageCache\com.unity.visualscripting@1.8.0\Editor\VisualScripting.Core\Dependencies\DotNetZip\Unity.VisualScripting.IonicZip.dll
Native extension for WindowsStandalone target not found
Native extension for WebGL target not found
Refreshing native plugins compatible for Editor in 160.79 ms, found 4 plugins.
Preloading 0 native plugins for Editor in 0.00 ms.
Mono: successfully reloaded assembly
- Completed reload, in  1.568 seconds
Domain Reload Profiling:
	ReloadAssembly (1569ms)
		BeginReloadAssembly (141ms)
			ExecutionOrderSort (0ms)
			DisableScriptedObjects (7ms)
			BackupInstance (0ms)
			ReleaseScriptingObjects (0ms)
			CreateAndSetChildDomain (30ms)
		EndReloadAssembly (1300ms)
			LoadAssemblies (113ms)
			RebuildTransferFunctionScriptingTraits (0ms)
			SetupTypeCache (331ms)
			ReleaseScriptCaches (1ms)
			RebuildScriptCaches (107ms)
			SetupLoadedEditorAssemblies (693ms)
				LogAssemblyErrors (0ms)
				InitializePlatformSupportModulesInManaged (5ms)
				SetLoadedEditorAssemblies (0ms)
				RefreshPlugins (161ms)
				BeforeProcessingInitializeOnLoad (111ms)
				ProcessInitializeOnLoadAttributes (361ms)
				ProcessInitializeOnLoadMethodAttributes (52ms)
				AfterProcessingInitializeOnLoad (3ms)
				EditorAssembliesLoaded (0ms)
			ExecutionOrderSort2 (0ms)
			AwakeInstancesAfterBackupRestoration (15ms)
Platform modules already initialized, skipping
========================================================================
Worker process is ready to serve import requests
Shader 'MoreMountains/MMRipple': fallback shader 'Particle/AlphaBlended' not found
Launched and connected shader compiler UnityShaderCompiler.exe after 0.07 seconds
Refreshing native plugins compatible for Editor in 1.50 ms, found 4 plugins.
Preloading 0 native plugins for Editor in 0.00 ms.
Unloading 5117 Unused Serialized files (Serialized files now loaded: 0)
Unloading 59 unused Assets / (1.3 MB). Loaded Objects now: 5574.
Memory consumption went from 281.1 MB to 279.8 MB.
Total: 4.729600 ms (FindLiveObjects: 0.519200 ms CreateObjectMapping: 0.182000 ms MarkObjects: 3.733100 ms  DeleteObjects: 0.293400 ms)

AssetImportParameters requested are different than current active one (requested -> active):
  custom:video-decoder-ogg-theora: a1e56fd34408186e4bbccfd4996cb3dc -> 
  custom:container-muxer-webm: aa71ff27fc2769a1b78a27578f13a17b -> 
  custom:container-demuxer-webm: 4f35f7cbe854078d1ac9338744f61a02 -> 
  custom:video-encoder-webm-vp8: eb34c28f22e8b96e1ab97ce403110664 -> 
  custom:video-codec-MediaFoundation-h265: 746d11721c4dcdbdad8f713fa42b33f4 -> 
  custom:audio-encoder-webm-vorbis: bf7c407c2cedff20999df2af8eb42d56 -> 
  custom:framework-win-MediaFoundation: 216162199b28c13a410421893ffa2e32 -> 
  custom:container-demuxer-ogg: 62fdf1f143b41e24485cea50d1cbac27 -> 
  custom:video-decoder-webm-vp8: 9c59270c3fd7afecdb556c50c9e8de78 -> 
  custom:audio-decoder-ogg-vorbis: bf7c407c2cedff20999df2af8eb42d56 -> 
========================================================================
Received Import Request.
  Time since last request: 8759.333819 seconds.
  path: Assets/_Forest Adventure/Art/2BlueWizardIdle/Chara - BlueIdle00000.png
  artifactKey: Guid(dd910f5d22d4f8f4b97dada202b6a634) Importer(815301076,1909f56bfc062723c751e8b465ee728b)
Start importing Assets/_Forest Adventure/Art/2BlueWizardIdle/Chara - BlueIdle00000.png using Guid(dd910f5d22d4f8f4b97dada202b6a634) Importer(815301076,1909f56bfc062723c751e8b465ee728b)  -> (artifact id: '9f9d6e29bee6708ab1b67700572ab4d2') in 0.186454 seconds 
========================================================================
Received Import Request.
  Time since last request: 0.000071 seconds.
  path: Assets/_Forest Adventure/Art/2BlueWizardIdle/Chara - BlueIdle00006.png
  artifactKey: Guid(d72f2454200916c48baa81654288d90e) Importer(815301076,1909f56bfc062723c751e8b465ee728b)
Start importing Assets/_Forest Adventure/Art/2BlueWizardIdle/Chara - BlueIdle00006.png using Guid(d72f2454200916c48baa81654288d90e) Importer(815301076,1909f56bfc062723c751e8b465ee728b)  -> (artifact id: '4738b200e6a08f75f91eca581c64a577') in 0.121343 seconds 
========================================================================
Received Import Request.
  Time since last request: 0.000064 seconds.
  path: Assets/_Forest Adventure/Art/2BlueWizardIdle/Chara - BlueIdle00007.png
  artifactKey: Guid(95ed2835507a1e34a8e1d8ca82011493) Importer(815301076,1909f56bfc062723c751e8b465ee728b)
Start importing Assets/_Forest Adventure/Art/2BlueWizardIdle/Chara - BlueIdle00007.png using Guid(95ed2835507a1e34a8e1d8ca82011493) Importer(815301076,1909f56bfc062723c751e8b465ee728b)  -> (artifact id: '31f807fb4ef5ef2a104473d32e35d8aa') in 0.041944 seconds 
========================================================================
Received Import Request.
  Time since last request: 0.000041 seconds.
  path: Assets/_Forest Adventure/Art/2BlueWizardIdle/Chara - BlueIdle00012.png
  artifactKey: Guid(584440966f9880a4b85444a8636b81a9) Importer(815301076,1909f56bfc062723c751e8b465ee728b)
Start importing Assets/_Forest Adventure/Art/2BlueWizardIdle/Chara - BlueIdle00012.png using Guid(584440966f9880a4b85444a8636b81a9) Importer(815301076,1909f56bfc062723c751e8b465ee728b)  -> (artifact id: 'd3956988985bcc696f764a6094ec8086') in 0.033758 seconds 
========================================================================
Received Import Request.
  Time since last request: 0.000036 seconds.
  path: Assets/_Forest Adventure/Art/2BlueWizardIdle/Chara - BlueIdle00011.png
  artifactKey: Guid(5491355c83c9f8140985aff308801cd1) Importer(815301076,1909f56bfc062723c751e8b465ee728b)
Start importing Assets/_Forest Adventure/Art/2BlueWizardIdle/Chara - BlueIdle00011.png using Guid(5491355c83c9f8140985aff308801cd1) Importer(815301076,1909f56bfc062723c751e8b465ee728b)  -> (artifact id: '43996de135fd3b8d1be1f68f5c99b550') in 0.030673 seconds 
========================================================================
Received Import Request.
  Time since last request: 0.000036 seconds.
  path: Assets/_Forest Adventure/Art/2BlueWizardIdle/Chara - BlueIdle00017.png
  artifactKey: Guid(d9141177031a5c8448cab4488be44aa3) Importer(815301076,1909f56bfc062723c751e8b465ee728b)
Start importing Assets/_Forest Adventure/Art/2BlueWizardIdle/Chara - BlueIdle00017.png using Guid(d9141177031a5c8448cab4488be44aa3) Importer(815301076,1909f56bfc062723c751e8b465ee728b)  -> (artifact id: '8a818808d544f45c2cb75f127027a007') in 0.029772 seconds 
========================================================================
Received Import Request.
  Time since last request: 0.000036 seconds.
  path: Assets/_Forest Adventure/Art/2BlueWizardIdle/Chara - BlueIdle00002.png
  artifactKey: Guid(dbc11bef3ddf85a458d4ff9b1f09e31f) Importer(815301076,1909f56bfc062723c751e8b465ee728b)
Start importing Assets/_Forest Adventure/Art/2BlueWizardIdle/Chara - BlueIdle00002.png using Guid(dbc11bef3ddf85a458d4ff9b1f09e31f) Importer(815301076,1909f56bfc062723c751e8b465ee728b)  -> (artifact id: '76ba710176bfcb02d8ea03955ddf9263') in 0.030386 seconds 
========================================================================
Received Import Request.
  Time since last request: 0.000030 seconds.
  path: Assets/_Forest Adventure/Art/2BlueWizardIdle/Chara - BlueIdle00016.png
  artifactKey: Guid(0cb61c21e5a65c443aedd033ca2ae008) Importer(815301076,1909f56bfc062723c751e8b465ee728b)
Start importing Assets/_Forest Adventure/Art/2BlueWizardIdle/Chara - BlueIdle00016.png using Guid(0cb61c21e5a65c443aedd033ca2ae008) Importer(815301076,1909f56bfc062723c751e8b465ee728b)  -> (artifact id: '976bdc8b96bb685066244ed5afebacd5') in 0.030991 seconds 
========================================================================
Received Import Request.
  Time since last request: 0.000034 seconds.
  path: Assets/_Forest Adventure/Art/2BlueWizardIdle/Chara - BlueIdle00013.png
  artifactKey: Guid(ee8fbd5990dd40a4581a6f1e89748e9c) Importer(815301076,1909f56bfc062723c751e8b465ee728b)
Start importing Assets/_Forest Adventure/Art/2BlueWizardIdle/Chara - BlueIdle00013.png using Guid(ee8fbd5990dd40a4581a6f1e89748e9c) Importer(815301076,1909f56bfc062723c751e8b465ee728b)  -> (artifact id: '83c6a8cb5ea785d241b9bd18da9e9bea') in 0.030758 seconds 
========================================================================
Received Import Request.
  Time since last request: 0.000047 seconds.
  path: Assets/_Forest Adventure/Art/2BlueWizardIdle/Chara - BlueIdle00015.png
  artifactKey: Guid(99c70a0cfac1a7c408c2cfc1c90f5936) Importer(815301076,1909f56bfc062723c751e8b465ee728b)
Start importing Assets/_Forest Adventure/Art/2BlueWizardIdle/Chara - BlueIdle00015.png using Guid(99c70a0cfac1a7c408c2cfc1c90f5936) Importer(815301076,1909f56bfc062723c751e8b465ee728b)  -> (artifact id: '28c732cc23f1fcb672b694c2b32ace53') in 0.044000 seconds 
========================================================================
Received Import Request.
  Time since last request: 57.225902 seconds.
  path: Assets/_Forest Adventure/Art/2BlueWizardIdle/Chara - BlueIdle00003.png
  artifactKey: Guid(ffeb3dd3e73f96f4d8371b771e644af4) Importer(815301076,1909f56bfc062723c751e8b465ee728b)
Start importing Assets/_Forest Adventure/Art/2BlueWizardIdle/Chara - BlueIdle00003.png using Guid(ffeb3dd3e73f96f4d8371b771e644af4) Importer(815301076,1909f56bfc062723c751e8b465ee728b)  -> (artifact id: 'a4cddaaf84f85cd041739441b9e02268') in 0.089757 seconds 
========================================================================
Received Import Request.
  Time since last request: 0.000039 seconds.
  path: Assets/_Forest Adventure/Art/2BlueWizardIdle/Chara - BlueIdle00010.png
  artifactKey: Guid(c96a074abe75a444aa50266811401439) Importer(815301076,1909f56bfc062723c751e8b465ee728b)
Start importing Assets/_Forest Adventure/Art/2BlueWizardIdle/Chara - BlueIdle00010.png using Guid(c96a074abe75a444aa50266811401439) Importer(815301076,1909f56bfc062723c751e8b465ee728b)  -> (artifact id: 'febfb5f91ac2b4943a17a2bbe8c8f252') in 0.064896 seconds 
========================================================================
Received Import Request.
  Time since last request: 0.000063 seconds.
  path: Assets/_Forest Adventure/Art/2BlueWizardIdle/Chara - BlueIdle00007.png
  artifactKey: Guid(95ed2835507a1e34a8e1d8ca82011493) Importer(815301076,1909f56bfc062723c751e8b465ee728b)
Start importing Assets/_Forest Adventure/Art/2BlueWizardIdle/Chara - BlueIdle00007.png using Guid(95ed2835507a1e34a8e1d8ca82011493) Importer(815301076,1909f56bfc062723c751e8b465ee728b)  -> (artifact id: '7b674003b64652ceec7770ddbead3a04') in 0.041690 seconds 
========================================================================
Received Import Request.
  Time since last request: 0.000040 seconds.
  path: Assets/_Forest Adventure/Art/2BlueWizardIdle/Chara - BlueIdle00012.png
  artifactKey: Guid(584440966f9880a4b85444a8636b81a9) Importer(815301076,1909f56bfc062723c751e8b465ee728b)
Start importing Assets/_Forest Adventure/Art/2BlueWizardIdle/Chara - BlueIdle00012.png using Guid(584440966f9880a4b85444a8636b81a9) Importer(815301076,1909f56bfc062723c751e8b465ee728b)  -> (artifact id: 'b5d38a135adf0b4ae9452e10971147fc') in 0.043465 seconds 
========================================================================
Received Import Request.
  Time since last request: 0.000030 seconds.
  path: Assets/_Forest Adventure/Art/2BlueWizardIdle/Chara - BlueIdle00017.png
  artifactKey: Guid(d9141177031a5c8448cab4488be44aa3) Importer(815301076,1909f56bfc062723c751e8b465ee728b)
Start importing Assets/_Forest Adventure/Art/2BlueWizardIdle/Chara - BlueIdle00017.png using Guid(d9141177031a5c8448cab4488be44aa3) Importer(815301076,1909f56bfc062723c751e8b465ee728b)  -> (artifact id: '6407cff19795770e95f72c5a72db73f3') in 0.046506 seconds 
========================================================================
Received Import Request.
  Time since last request: 0.000035 seconds.
  path: Assets/_Forest Adventure/Art/2BlueWizardIdle/Chara - BlueIdle00013.png
  artifactKey: Guid(ee8fbd5990dd40a4581a6f1e89748e9c) Importer(815301076,1909f56bfc062723c751e8b465ee728b)
Start importing Assets/_Forest Adventure/Art/2BlueWizardIdle/Chara - BlueIdle00013.png using Guid(ee8fbd5990dd40a4581a6f1e89748e9c) Importer(815301076,1909f56bfc062723c751e8b465ee728b)  -> (artifact id: '31a84f3595b7772bb167d4f0da1c6846') in 0.050154 seconds 
Editor requested this worker to shutdown with reason: Scaling down because of idle timeout
AssetImportWorker is now disconnected from the server
Process exiting
Exiting without the bug reporter. Application will terminate with return code 0