Using pre-set license
Built from '2021.3/staging' branch; Version is '2021.3.21f1 (1b156197d683) revision 1774945'; Using compiler version '192829333'; Build Type 'Release'
OS: 'Windows 11  (10.0.22621) 64bit Professional' Language: 'ru' Physical Memory: 16334 MB
BatchMode: 1, IsHumanControllingUs: 0, StartBugReporterOnCrash: 0, Is64bit: 1, IsPro: 1

COMMAND LINE ARGUMENTS:
D:\Unity\2021.3.21f1\Editor\Unity.exe
-adb2
-batchMode
-noUpm
-name
AssetImportWorker4
-projectPath
C:/Users/mesle/Desktop/Platformer
-logFile
Logs/AssetImportWorker4.log
-srvPort
64820
Successfully changed project path to: C:/Users/mesle/Desktop/Platformer
C:/Users/mesle/Desktop/Platformer
[UnityMemory] Configuration Parameters - Can be set up in boot.config
    "memorysetup-bucket-allocator-granularity=16"
    "memorysetup-bucket-allocator-bucket-count=8"
    "memorysetup-bucket-allocator-block-size=33554432"
    "memorysetup-bucket-allocator-block-count=8"
    "memorysetup-main-allocator-block-size=16777216"
    "memorysetup-thread-allocator-block-size=16777216"
    "memorysetup-gfx-main-allocator-block-size=16777216"
    "memorysetup-gfx-thread-allocator-block-size=16777216"
    "memorysetup-cache-allocator-block-size=4194304"
    "memorysetup-typetree-allocator-block-size=2097152"
    "memorysetup-profiler-bucket-allocator-granularity=16"
    "memorysetup-profiler-bucket-allocator-bucket-count=8"
    "memorysetup-profiler-bucket-allocator-block-size=33554432"
    "memorysetup-profiler-bucket-allocator-block-count=8"
    "memorysetup-profiler-allocator-block-size=16777216"
    "memorysetup-profiler-editor-allocator-block-size=1048576"
    "memorysetup-temp-allocator-size-main=16777216"
    "memorysetup-job-temp-allocator-block-size=2097152"
    "memorysetup-job-temp-allocator-block-size-background=1048576"
    "memorysetup-job-temp-allocator-reduction-small-platforms=262144"
    "memorysetup-temp-allocator-size-background-worker=32768"
    "memorysetup-temp-allocator-size-job-worker=262144"
    "memorysetup-temp-allocator-size-preload-manager=33554432"
    "memorysetup-temp-allocator-size-nav-mesh-worker=65536"
    "memorysetup-temp-allocator-size-audio-worker=65536"
    "memorysetup-temp-allocator-size-cloud-worker=32768"
    "memorysetup-temp-allocator-size-gi-baking-worker=262144"
    "memorysetup-temp-allocator-size-gfx=262144"
Player connection [2024] Host "[IP] 192.168.0.231 [Port] 0 [Flags] 2 [Guid] 1645167553 [EditorId] 1645167553 [Version] 1048832 [Id] WindowsEditor(7,Mishel) [Debug] 1 [PackageName] WindowsEditor [ProjectName] Editor" joined multi-casting on [225.0.0.222:54997]...

Player connection [2024] Host "[IP] 192.168.0.231 [Port] 0 [Flags] 2 [Guid] 1645167553 [EditorId] 1645167553 [Version] 1048832 [Id] WindowsEditor(7,Mishel) [Debug] 1 [PackageName] WindowsEditor [ProjectName] Editor" joined alternative multi-casting on [225.0.0.222:34997]...

Refreshing native plugins compatible for Editor in 169.17 ms, found 4 plugins.
Preloading 0 native plugins for Editor in 0.00 ms.
Initialize engine version: 2021.3.21f1 (1b156197d683)
[Subsystems] Discovering subsystems at path D:/Unity/2021.3.21f1/Editor/Data/Resources/UnitySubsystems
[Subsystems] Discovering subsystems at path C:/Users/mesle/Desktop/Platformer/Assets
GfxDevice: creating device client; threaded=0; jobified=0
Direct3D:
    Version:  Direct3D 11.0 [level 11.1]
    Renderer: NVIDIA GeForce GTX 1650 (ID=0x2188)
    Vendor:   NVIDIA
    VRAM:     3950 MB
    Driver:   31.0.15.2756
Shader 'MoreMountains/MMRipple': fallback shader 'Particle/AlphaBlended' not found
Initialize mono
Mono path[0] = 'D:/Unity/2021.3.21f1/Editor/Data/Managed'
Mono path[1] = 'D:/Unity/2021.3.21f1/Editor/Data/MonoBleedingEdge/lib/mono/unityjit-win32'
Mono config path = 'D:/Unity/2021.3.21f1/Editor/Data/MonoBleedingEdge/etc'
Using monoOptions --debugger-agent=transport=dt_socket,embedding=1,server=y,suspend=n,address=127.0.0.1:56740
Begin MonoManager ReloadAssembly
Registering precompiled unity dll's ...
Register platform support module: D:/Unity/2021.3.21f1/Editor/Data/PlaybackEngines/WebGLSupport/UnityEditor.WebGL.Extensions.dll
Register platform support module: D:/Unity/2021.3.21f1/Editor/Data/PlaybackEngines/WindowsStandaloneSupport/UnityEditor.WindowsStandalone.Extensions.dll
Registered in 0.003170 seconds.
Native extension for WindowsStandalone target not found
Native extension for WebGL target not found
Refreshing native plugins compatible for Editor in 152.25 ms, found 4 plugins.
Preloading 0 native plugins for Editor in 0.00 ms.
Mono: successfully reloaded assembly
- Completed reload, in  1.239 seconds
Domain Reload Profiling:
	ReloadAssembly (1240ms)
		BeginReloadAssembly (100ms)
			ExecutionOrderSort (0ms)
			DisableScriptedObjects (0ms)
			BackupInstance (0ms)
			ReleaseScriptingObjects (0ms)
			CreateAndSetChildDomain (1ms)
		EndReloadAssembly (840ms)
			LoadAssemblies (99ms)
			RebuildTransferFunctionScriptingTraits (0ms)
			SetupTypeCache (367ms)
			ReleaseScriptCaches (0ms)
			RebuildScriptCaches (33ms)
			SetupLoadedEditorAssemblies (380ms)
				LogAssemblyErrors (0ms)
				InitializePlatformSupportModulesInManaged (9ms)
				SetLoadedEditorAssemblies (0ms)
				RefreshPlugins (152ms)
				BeforeProcessingInitializeOnLoad (1ms)
				ProcessInitializeOnLoadAttributes (152ms)
				ProcessInitializeOnLoadMethodAttributes (65ms)
				AfterProcessingInitializeOnLoad (0ms)
				EditorAssembliesLoaded (0ms)
			ExecutionOrderSort2 (0ms)
			AwakeInstancesAfterBackupRestoration (0ms)
Platform modules already initialized, skipping
Registering precompiled user dll's ...
Registered in 0.010602 seconds.
Begin MonoManager ReloadAssembly
Symbol file LoadedFromMemory doesn't match image C:\Users\mesle\Desktop\Platformer\Library\PackageCache\com.unity.visualscripting@1.8.0\Editor\VisualScripting.Core\Dependencies\YamlDotNet\Unity.VisualScripting.YamlDotNet.dll
Symbol file LoadedFromMemory doesn't match image C:\Users\mesle\Desktop\Platformer\Library\PackageCache\com.unity.visualscripting@1.8.0\Editor\VisualScripting.Core\Dependencies\DotNetZip\Unity.VisualScripting.IonicZip.dll
Native extension for WindowsStandalone target not found
Native extension for WebGL target not found
Refreshing native plugins compatible for Editor in 154.62 ms, found 4 plugins.
Preloading 0 native plugins for Editor in 0.00 ms.
Mono: successfully reloaded assembly
- Completed reload, in  1.666 seconds
Domain Reload Profiling:
	ReloadAssembly (1667ms)
		BeginReloadAssembly (141ms)
			ExecutionOrderSort (0ms)
			DisableScriptedObjects (8ms)
			BackupInstance (0ms)
			ReleaseScriptingObjects (0ms)
			CreateAndSetChildDomain (25ms)
		EndReloadAssembly (1399ms)
			LoadAssemblies (121ms)
			RebuildTransferFunctionScriptingTraits (0ms)
			SetupTypeCache (323ms)
			ReleaseScriptCaches (1ms)
			RebuildScriptCaches (106ms)
			SetupLoadedEditorAssemblies (796ms)
				LogAssemblyErrors (0ms)
				InitializePlatformSupportModulesInManaged (5ms)
				SetLoadedEditorAssemblies (0ms)
				RefreshPlugins (155ms)
				BeforeProcessingInitializeOnLoad (114ms)
				ProcessInitializeOnLoadAttributes (467ms)
				ProcessInitializeOnLoadMethodAttributes (52ms)
				AfterProcessingInitializeOnLoad (3ms)
				EditorAssembliesLoaded (0ms)
			ExecutionOrderSort2 (0ms)
			AwakeInstancesAfterBackupRestoration (14ms)
Platform modules already initialized, skipping
========================================================================
Worker process is ready to serve import requests
Shader 'MoreMountains/MMRipple': fallback shader 'Particle/AlphaBlended' not found
Launched and connected shader compiler UnityShaderCompiler.exe after 0.25 seconds
Refreshing native plugins compatible for Editor in 1.33 ms, found 4 plugins.
Preloading 0 native plugins for Editor in 0.00 ms.
Unloading 5117 Unused Serialized files (Serialized files now loaded: 0)
Unloading 59 unused Assets / (1.3 MB). Loaded Objects now: 5574.
Memory consumption went from 281.1 MB to 279.8 MB.
Total: 5.270500 ms (FindLiveObjects: 0.588200 ms CreateObjectMapping: 0.213700 ms MarkObjects: 4.036000 ms  DeleteObjects: 0.431400 ms)

AssetImportParameters requested are different than current active one (requested -> active):
  custom:video-decoder-ogg-theora: a1e56fd34408186e4bbccfd4996cb3dc -> 
  custom:container-muxer-webm: aa71ff27fc2769a1b78a27578f13a17b -> 
  custom:container-demuxer-webm: 4f35f7cbe854078d1ac9338744f61a02 -> 
  custom:video-encoder-webm-vp8: eb34c28f22e8b96e1ab97ce403110664 -> 
  custom:video-codec-MediaFoundation-h265: 746d11721c4dcdbdad8f713fa42b33f4 -> 
  custom:audio-encoder-webm-vorbis: bf7c407c2cedff20999df2af8eb42d56 -> 
  custom:framework-win-MediaFoundation: 216162199b28c13a410421893ffa2e32 -> 
  custom:container-demuxer-ogg: 62fdf1f143b41e24485cea50d1cbac27 -> 
  custom:video-decoder-webm-vp8: 9c59270c3fd7afecdb556c50c9e8de78 -> 
  custom:audio-decoder-ogg-vorbis: bf7c407c2cedff20999df2af8eb42d56 -> 
========================================================================
Received Import Request.
  Time since last request: 8465.326299 seconds.
  path: Assets/_Forest Adventure/Art/2BlueWizardIdle/Chara - BlueIdle00008.png
  artifactKey: Guid(5f84663e6d7f38846b5f21e1c277281e) Importer(815301076,1909f56bfc062723c751e8b465ee728b)
Start importing Assets/_Forest Adventure/Art/2BlueWizardIdle/Chara - BlueIdle00008.png using Guid(5f84663e6d7f38846b5f21e1c277281e) Importer(815301076,1909f56bfc062723c751e8b465ee728b)  -> (artifact id: '9cb3d01867bc3ccccf61cc76fd796332') in 0.260251 seconds 
========================================================================
Received Import Request.
  Time since last request: 0.000061 seconds.
  path: Assets/_Forest Adventure/Art/2BlueWizardIdle/Chara - BlueIdle00010.png
  artifactKey: Guid(c96a074abe75a444aa50266811401439) Importer(815301076,1909f56bfc062723c751e8b465ee728b)
Start importing Assets/_Forest Adventure/Art/2BlueWizardIdle/Chara - BlueIdle00010.png using Guid(c96a074abe75a444aa50266811401439) Importer(815301076,1909f56bfc062723c751e8b465ee728b)  -> (artifact id: '024ee237b7af65fe58122fbdc3d24dfc') in 0.015048 seconds 
========================================================================
Received Import Request.
  Time since last request: 0.000074 seconds.
  path: Assets/_Forest Adventure/Art/2BlueWizardIdle/Chara - BlueIdle00006.png
  artifactKey: Guid(d72f2454200916c48baa81654288d90e) Importer(815301076,1909f56bfc062723c751e8b465ee728b)
Start importing Assets/_Forest Adventure/Art/2BlueWizardIdle/Chara - BlueIdle00006.png using Guid(d72f2454200916c48baa81654288d90e) Importer(815301076,1909f56bfc062723c751e8b465ee728b)  -> (artifact id: '909e9dee08324647dda100e0df94a529') in 0.017066 seconds 
========================================================================
Received Import Request.
  Time since last request: 0.000038 seconds.
  path: Assets/_Forest Adventure/Art/2BlueWizardIdle/Chara - BlueIdle00007.png
  artifactKey: Guid(95ed2835507a1e34a8e1d8ca82011493) Importer(815301076,1909f56bfc062723c751e8b465ee728b)
Start importing Assets/_Forest Adventure/Art/2BlueWizardIdle/Chara - BlueIdle00007.png using Guid(95ed2835507a1e34a8e1d8ca82011493) Importer(815301076,1909f56bfc062723c751e8b465ee728b)  -> (artifact id: 'cd57fda340933ae6b366f360df5fa44f') in 0.017150 seconds 
========================================================================
Received Import Request.
  Time since last request: 0.000040 seconds.
  path: Assets/_Forest Adventure/Art/2BlueWizardIdle/Chara - BlueIdle00012.png
  artifactKey: Guid(584440966f9880a4b85444a8636b81a9) Importer(815301076,1909f56bfc062723c751e8b465ee728b)
Start importing Assets/_Forest Adventure/Art/2BlueWizardIdle/Chara - BlueIdle00012.png using Guid(584440966f9880a4b85444a8636b81a9) Importer(815301076,1909f56bfc062723c751e8b465ee728b)  -> (artifact id: '8c35acb3c3702f6ecc2d7631617d7dec') in 0.017372 seconds 
========================================================================
Received Import Request.
  Time since last request: 0.000032 seconds.
  path: Assets/_Forest Adventure/Art/2BlueWizardIdle/Chara - BlueIdle00005.png
  artifactKey: Guid(f197be86108c88e46b3eadd0b8497ccd) Importer(815301076,1909f56bfc062723c751e8b465ee728b)
Start importing Assets/_Forest Adventure/Art/2BlueWizardIdle/Chara - BlueIdle00005.png using Guid(f197be86108c88e46b3eadd0b8497ccd) Importer(815301076,1909f56bfc062723c751e8b465ee728b)  -> (artifact id: '6e51a62b07d2e315111fbbd44d329d27') in 0.017960 seconds 
========================================================================
Received Import Request.
  Time since last request: 0.000039 seconds.
  path: Assets/_Forest Adventure/Art/2BlueWizardIdle/Chara - BlueIdle00003.png
  artifactKey: Guid(ffeb3dd3e73f96f4d8371b771e644af4) Importer(815301076,1909f56bfc062723c751e8b465ee728b)
Start importing Assets/_Forest Adventure/Art/2BlueWizardIdle/Chara - BlueIdle00003.png using Guid(ffeb3dd3e73f96f4d8371b771e644af4) Importer(815301076,1909f56bfc062723c751e8b465ee728b)  -> (artifact id: 'a8f487d81f22f548762b7997711f218c') in 0.014178 seconds 
========================================================================
Received Import Request.
  Time since last request: 0.000048 seconds.
  path: Assets/_Forest Adventure/Art/2BlueWizardIdle/Chara - BlueIdle00018.png
  artifactKey: Guid(2d46ec4b6b5338e45a570f3b618455a7) Importer(815301076,1909f56bfc062723c751e8b465ee728b)
Start importing Assets/_Forest Adventure/Art/2BlueWizardIdle/Chara - BlueIdle00018.png using Guid(2d46ec4b6b5338e45a570f3b618455a7) Importer(815301076,1909f56bfc062723c751e8b465ee728b)  -> (artifact id: '9ef84552c0d5c9a7fc7ba00457976c0a') in 0.015680 seconds 
========================================================================
Received Import Request.
  Time since last request: 0.000036 seconds.
  path: Assets/_Forest Adventure/Art/2BlueWizardIdle/Chara - BlueIdle00004.png
  artifactKey: Guid(424578eba97c1364680f8999e3399ae4) Importer(815301076,1909f56bfc062723c751e8b465ee728b)
Start importing Assets/_Forest Adventure/Art/2BlueWizardIdle/Chara - BlueIdle00004.png using Guid(424578eba97c1364680f8999e3399ae4) Importer(815301076,1909f56bfc062723c751e8b465ee728b)  -> (artifact id: 'b58a6af495c86b116614eb8af1fbe709') in 0.019126 seconds 
========================================================================
Received Import Request.
  Time since last request: 0.000039 seconds.
  path: Assets/_Forest Adventure/Art/2BlueWizardIdle/Chara - BlueIdle00013.png
  artifactKey: Guid(ee8fbd5990dd40a4581a6f1e89748e9c) Importer(815301076,1909f56bfc062723c751e8b465ee728b)
Start importing Assets/_Forest Adventure/Art/2BlueWizardIdle/Chara - BlueIdle00013.png using Guid(ee8fbd5990dd40a4581a6f1e89748e9c) Importer(815301076,1909f56bfc062723c751e8b465ee728b)  -> (artifact id: 'a6140f83cc83ac1bac549e1d178e6f9a') in 0.011784 seconds 
========================================================================
Received Import Request.
  Time since last request: 6.266740 seconds.
  path: Assets/_Forest Adventure/Art/2BlueWizardIdle/Chara - BlueIdle00008.png
  artifactKey: Guid(5f84663e6d7f38846b5f21e1c277281e) Importer(815301076,1909f56bfc062723c751e8b465ee728b)
Start importing Assets/_Forest Adventure/Art/2BlueWizardIdle/Chara - BlueIdle00008.png using Guid(5f84663e6d7f38846b5f21e1c277281e) Importer(815301076,1909f56bfc062723c751e8b465ee728b)  -> (artifact id: 'aa8206107a2079578ac9b68c0efc501d') in 0.009317 seconds 
========================================================================
Received Import Request.
  Time since last request: 0.014053 seconds.
  path: Assets/_Forest Adventure/Art/2BlueWizardIdle/Chara - BlueIdle00000.png
  artifactKey: Guid(dd910f5d22d4f8f4b97dada202b6a634) Importer(815301076,1909f56bfc062723c751e8b465ee728b)
Start importing Assets/_Forest Adventure/Art/2BlueWizardIdle/Chara - BlueIdle00000.png using Guid(dd910f5d22d4f8f4b97dada202b6a634) Importer(815301076,1909f56bfc062723c751e8b465ee728b)  -> (artifact id: '3680bf394ef6d1cc2f88ec6aa6f25b5c') in 0.014405 seconds 
========================================================================
Received Import Request.
  Time since last request: 0.000035 seconds.
  path: Assets/_Forest Adventure/Art/2BlueWizardIdle/Chara - BlueIdle00006.png
  artifactKey: Guid(d72f2454200916c48baa81654288d90e) Importer(815301076,1909f56bfc062723c751e8b465ee728b)
Start importing Assets/_Forest Adventure/Art/2BlueWizardIdle/Chara - BlueIdle00006.png using Guid(d72f2454200916c48baa81654288d90e) Importer(815301076,1909f56bfc062723c751e8b465ee728b)  -> (artifact id: 'af36e4ddc555f1e6853ee57fc2839231') in 0.008982 seconds 
========================================================================
Received Import Request.
  Time since last request: 0.000029 seconds.
  path: Assets/_Forest Adventure/Art/2BlueWizardIdle/Chara - BlueIdle00007.png
  artifactKey: Guid(95ed2835507a1e34a8e1d8ca82011493) Importer(815301076,1909f56bfc062723c751e8b465ee728b)
Start importing Assets/_Forest Adventure/Art/2BlueWizardIdle/Chara - BlueIdle00007.png using Guid(95ed2835507a1e34a8e1d8ca82011493) Importer(815301076,1909f56bfc062723c751e8b465ee728b)  -> (artifact id: '5d8b69eaddf54910ef6338b927c0ca96') in 0.010079 seconds 
========================================================================
Received Import Request.
  Time since last request: 0.000036 seconds.
  path: Assets/_Forest Adventure/Art/2BlueWizardIdle/Chara - BlueIdle00019.png
  artifactKey: Guid(6cba544e9ac59ff439113dcf7b2ab5ca) Importer(815301076,1909f56bfc062723c751e8b465ee728b)
Start importing Assets/_Forest Adventure/Art/2BlueWizardIdle/Chara - BlueIdle00019.png using Guid(6cba544e9ac59ff439113dcf7b2ab5ca) Importer(815301076,1909f56bfc062723c751e8b465ee728b)  -> (artifact id: '3be59554a073a20a2a9cec8a4887c0fc') in 0.010005 seconds 
========================================================================
Received Import Request.
  Time since last request: 0.000043 seconds.
  path: Assets/_Forest Adventure/Art/2BlueWizardIdle/Chara - BlueIdle00011.png
  artifactKey: Guid(5491355c83c9f8140985aff308801cd1) Importer(815301076,1909f56bfc062723c751e8b465ee728b)
Start importing Assets/_Forest Adventure/Art/2BlueWizardIdle/Chara - BlueIdle00011.png using Guid(5491355c83c9f8140985aff308801cd1) Importer(815301076,1909f56bfc062723c751e8b465ee728b)  -> (artifact id: '83c458eac6a2cf0b6efedf020650234f') in 0.010507 seconds 
========================================================================
Received Import Request.
  Time since last request: 0.000053 seconds.
  path: Assets/_Forest Adventure/Art/2BlueWizardIdle/Chara - BlueIdle00017.png
  artifactKey: Guid(d9141177031a5c8448cab4488be44aa3) Importer(815301076,1909f56bfc062723c751e8b465ee728b)
Start importing Assets/_Forest Adventure/Art/2BlueWizardIdle/Chara - BlueIdle00017.png using Guid(d9141177031a5c8448cab4488be44aa3) Importer(815301076,1909f56bfc062723c751e8b465ee728b)  -> (artifact id: '9f821da7b4f8579375ea8504287f7833') in 0.015604 seconds 
========================================================================
Received Import Request.
  Time since last request: 0.000035 seconds.
  path: Assets/_Forest Adventure/Art/2BlueWizardIdle/Chara - BlueIdle00004.png
  artifactKey: Guid(424578eba97c1364680f8999e3399ae4) Importer(815301076,1909f56bfc062723c751e8b465ee728b)
Start importing Assets/_Forest Adventure/Art/2BlueWizardIdle/Chara - BlueIdle00004.png using Guid(424578eba97c1364680f8999e3399ae4) Importer(815301076,1909f56bfc062723c751e8b465ee728b)  -> (artifact id: '93a2f760149a95ca060dee3b56a6bf28') in 0.011342 seconds 
========================================================================
Received Import Request.
  Time since last request: 0.000029 seconds.
  path: Assets/_Forest Adventure/Art/2BlueWizardIdle/Chara - BlueIdle00014.png
  artifactKey: Guid(3e561a5222d50924aa3dad45ebdceaf6) Importer(815301076,1909f56bfc062723c751e8b465ee728b)
Start importing Assets/_Forest Adventure/Art/2BlueWizardIdle/Chara - BlueIdle00014.png using Guid(3e561a5222d50924aa3dad45ebdceaf6) Importer(815301076,1909f56bfc062723c751e8b465ee728b)  -> (artifact id: 'd5bbb3da4b986c4ca05ff5c6c37a5b1c') in 0.010349 seconds 
========================================================================
Received Import Request.
  Time since last request: 21.989022 seconds.
  path: Assets/_Forest Adventure/Art/2BlueWizardIdle/Chara - BlueIdle00008.png
  artifactKey: Guid(5f84663e6d7f38846b5f21e1c277281e) Importer(815301076,1909f56bfc062723c751e8b465ee728b)
Start importing Assets/_Forest Adventure/Art/2BlueWizardIdle/Chara - BlueIdle00008.png using Guid(5f84663e6d7f38846b5f21e1c277281e) Importer(815301076,1909f56bfc062723c751e8b465ee728b)  -> (artifact id: '1573e715a07e3cbe1f8df5547b45cf73') in 0.007974 seconds 
========================================================================
Received Import Request.
  Time since last request: 0.014908 seconds.
  path: Assets/_Forest Adventure/Art/2BlueWizardIdle/Chara - BlueIdle00000.png
  artifactKey: Guid(dd910f5d22d4f8f4b97dada202b6a634) Importer(815301076,1909f56bfc062723c751e8b465ee728b)
Start importing Assets/_Forest Adventure/Art/2BlueWizardIdle/Chara - BlueIdle00000.png using Guid(dd910f5d22d4f8f4b97dada202b6a634) Importer(815301076,1909f56bfc062723c751e8b465ee728b)  -> (artifact id: '1c0100d9042860d67e51c20d270614d9') in 0.011475 seconds 
========================================================================
Received Import Request.
  Time since last request: 0.000040 seconds.
  path: Assets/_Forest Adventure/Art/2BlueWizardIdle/Chara - BlueIdle00010.png
  artifactKey: Guid(c96a074abe75a444aa50266811401439) Importer(815301076,1909f56bfc062723c751e8b465ee728b)
Start importing Assets/_Forest Adventure/Art/2BlueWizardIdle/Chara - BlueIdle00010.png using Guid(c96a074abe75a444aa50266811401439) Importer(815301076,1909f56bfc062723c751e8b465ee728b)  -> (artifact id: '318f6343720be9b8a995d3823b3a7332') in 0.010794 seconds 
========================================================================
Received Import Request.
  Time since last request: 0.000035 seconds.
  path: Assets/_Forest Adventure/Art/2BlueWizardIdle/Chara - BlueIdle00019.png
  artifactKey: Guid(6cba544e9ac59ff439113dcf7b2ab5ca) Importer(815301076,1909f56bfc062723c751e8b465ee728b)
Start importing Assets/_Forest Adventure/Art/2BlueWizardIdle/Chara - BlueIdle00019.png using Guid(6cba544e9ac59ff439113dcf7b2ab5ca) Importer(815301076,1909f56bfc062723c751e8b465ee728b)  -> (artifact id: 'e28c9a1ef8f42e7ec2a5427bc4412c52') in 0.009388 seconds 
========================================================================
Received Import Request.
  Time since last request: 0.000023 seconds.
  path: Assets/_Forest Adventure/Art/2BlueWizardIdle/Chara - BlueIdle00017.png
  artifactKey: Guid(d9141177031a5c8448cab4488be44aa3) Importer(815301076,1909f56bfc062723c751e8b465ee728b)
Start importing Assets/_Forest Adventure/Art/2BlueWizardIdle/Chara - BlueIdle00017.png using Guid(d9141177031a5c8448cab4488be44aa3) Importer(815301076,1909f56bfc062723c751e8b465ee728b)  -> (artifact id: 'd1bc08ce1e5706fa6f3fc45d0896b008') in 0.009938 seconds 
========================================================================
Received Import Request.
  Time since last request: 0.000037 seconds.
  path: Assets/_Forest Adventure/Art/2BlueWizardIdle/Chara - BlueIdle00013.png
  artifactKey: Guid(ee8fbd5990dd40a4581a6f1e89748e9c) Importer(815301076,1909f56bfc062723c751e8b465ee728b)
Start importing Assets/_Forest Adventure/Art/2BlueWizardIdle/Chara - BlueIdle00013.png using Guid(ee8fbd5990dd40a4581a6f1e89748e9c) Importer(815301076,1909f56bfc062723c751e8b465ee728b)  -> (artifact id: '52df56f025cda1c62a1817787d014632') in 0.008266 seconds 
========================================================================
Received Import Request.
  Time since last request: 28.394909 seconds.
  path: Assets/_Forest Adventure/Art/2BlueWizardIdle/Chara - BlueIdle00008.png
  artifactKey: Guid(5f84663e6d7f38846b5f21e1c277281e) Importer(815301076,1909f56bfc062723c751e8b465ee728b)
Start importing Assets/_Forest Adventure/Art/2BlueWizardIdle/Chara - BlueIdle00008.png using Guid(5f84663e6d7f38846b5f21e1c277281e) Importer(815301076,1909f56bfc062723c751e8b465ee728b)  -> (artifact id: 'a1c7620dd4e29470440816dcbebca5ca') in 0.017022 seconds 
========================================================================
Received Import Request.
  Time since last request: 0.005687 seconds.
  path: Assets/_Forest Adventure/Art/2BlueWizardIdle/Chara - BlueIdle00000.png
  artifactKey: Guid(dd910f5d22d4f8f4b97dada202b6a634) Importer(815301076,1909f56bfc062723c751e8b465ee728b)
Start importing Assets/_Forest Adventure/Art/2BlueWizardIdle/Chara - BlueIdle00000.png using Guid(dd910f5d22d4f8f4b97dada202b6a634) Importer(815301076,1909f56bfc062723c751e8b465ee728b)  -> (artifact id: '4fb2eb2c564ee27eb177521335291d97') in 0.009415 seconds 
========================================================================
Received Import Request.
  Time since last request: 67.322157 seconds.
  path: Assets/_Forest Adventure/Art/2BlueWizardIdle/Materials
  artifactKey: Guid(ba780be9986afc84b833db5254b0deff) Importer(815301076,1909f56bfc062723c751e8b465ee728b)
Start importing Assets/_Forest Adventure/Art/2BlueWizardIdle/Materials using Guid(ba780be9986afc84b833db5254b0deff) Importer(815301076,1909f56bfc062723c751e8b465ee728b)  -> (artifact id: '3ea3140fe4ec57619146ed1de7b7188a') in 0.006790 seconds 
========================================================================
Received Import Request.
  Time since last request: 0.082687 seconds.
  path: Assets/_Forest Adventure/Art/2BlueWizardIdle/Materials/Chara - BlueIdle00000.mat
  artifactKey: Guid(f5ab67ef4a2cc394288e4296870d22e4) Importer(815301076,1909f56bfc062723c751e8b465ee728b)
Start importing Assets/_Forest Adventure/Art/2BlueWizardIdle/Materials/Chara - BlueIdle00000.mat using Guid(f5ab67ef4a2cc394288e4296870d22e4) Importer(815301076,1909f56bfc062723c751e8b465ee728b)  -> (artifact id: 'e42adea8e35440ea222cb3f38108257e') in 0.079701 seconds 
========================================================================
Received Import Request.
  Time since last request: 0.000029 seconds.
  path: Assets/_Forest Adventure/Art/2BlueWizardIdle/Materials/Chara - BlueIdle00010.mat
  artifactKey: Guid(0006682983ef3974998300b4578028de) Importer(815301076,1909f56bfc062723c751e8b465ee728b)
Start importing Assets/_Forest Adventure/Art/2BlueWizardIdle/Materials/Chara - BlueIdle00010.mat using Guid(0006682983ef3974998300b4578028de) Importer(815301076,1909f56bfc062723c751e8b465ee728b)  -> (artifact id: '396cf5c1802c2b84826647129784b198') in 0.016152 seconds 
========================================================================
Received Import Request.
  Time since last request: 0.000031 seconds.
  path: Assets/_Forest Adventure/Art/2BlueWizardIdle/Materials/Chara - BlueIdle00006.mat
  artifactKey: Guid(5fb8b8c7e83d1274e94eebafe6228810) Importer(815301076,1909f56bfc062723c751e8b465ee728b)
Start importing Assets/_Forest Adventure/Art/2BlueWizardIdle/Materials/Chara - BlueIdle00006.mat using Guid(5fb8b8c7e83d1274e94eebafe6228810) Importer(815301076,1909f56bfc062723c751e8b465ee728b)  -> (artifact id: '1056cacdd191b65ffcff902704421e2b') in 0.036198 seconds 
========================================================================
Received Import Request.
  Time since last request: 0.000041 seconds.
  path: Assets/_Forest Adventure/Art/2BlueWizardIdle/Materials/Chara - BlueIdle00012.mat
  artifactKey: Guid(fed76ee96448a8a4194b9e17aa6a06cf) Importer(815301076,1909f56bfc062723c751e8b465ee728b)
Start importing Assets/_Forest Adventure/Art/2BlueWizardIdle/Materials/Chara - BlueIdle00012.mat using Guid(fed76ee96448a8a4194b9e17aa6a06cf) Importer(815301076,1909f56bfc062723c751e8b465ee728b)  -> (artifact id: '5485882385f6584753c54d8b18440bfb') in 0.013342 seconds 
========================================================================
Received Import Request.
  Time since last request: 0.000033 seconds.
  path: Assets/_Forest Adventure/Art/2BlueWizardIdle/Materials/Chara - BlueIdle00017.mat
  artifactKey: Guid(9a4ff36980d5d504e9d6099249cc8f48) Importer(815301076,1909f56bfc062723c751e8b465ee728b)
Start importing Assets/_Forest Adventure/Art/2BlueWizardIdle/Materials/Chara - BlueIdle00017.mat using Guid(9a4ff36980d5d504e9d6099249cc8f48) Importer(815301076,1909f56bfc062723c751e8b465ee728b)  -> (artifact id: '55e572a7b4fc3f774dbfdb4fd60e33a7') in 0.042889 seconds 
========================================================================
Received Import Request.
  Time since last request: 0.000028 seconds.
  path: Assets/_Forest Adventure/Art/2BlueWizardIdle/Materials/Chara - BlueIdle00011.mat
  artifactKey: Guid(f6c8c1308716ca34b9eb01809d7f4e6a) Importer(815301076,1909f56bfc062723c751e8b465ee728b)
Start importing Assets/_Forest Adventure/Art/2BlueWizardIdle/Materials/Chara - BlueIdle00011.mat using Guid(f6c8c1308716ca34b9eb01809d7f4e6a) Importer(815301076,1909f56bfc062723c751e8b465ee728b)  -> (artifact id: 'd4d62c96fc7a48f98e86638a6ca87604') in 0.026645 seconds 
========================================================================
Received Import Request.
  Time since last request: 0.000043 seconds.
  path: Assets/_Forest Adventure/Art/2BlueWizardIdle/Materials/Chara - BlueIdle00003.mat
  artifactKey: Guid(f188c2d11d8a78f42a2378005c541abd) Importer(815301076,1909f56bfc062723c751e8b465ee728b)
Start importing Assets/_Forest Adventure/Art/2BlueWizardIdle/Materials/Chara - BlueIdle00003.mat using Guid(f188c2d11d8a78f42a2378005c541abd) Importer(815301076,1909f56bfc062723c751e8b465ee728b)  -> (artifact id: '9f74e86496b378430305757799fd303a') in 0.010048 seconds 
========================================================================
Received Import Request.
  Time since last request: 0.000037 seconds.
  path: Assets/_Forest Adventure/Art/2BlueWizardIdle/Materials/Chara - BlueIdle00008.mat
  artifactKey: Guid(2778d4e53d85fe043ab83fd7f85cf66f) Importer(815301076,1909f56bfc062723c751e8b465ee728b)
Start importing Assets/_Forest Adventure/Art/2BlueWizardIdle/Materials/Chara - BlueIdle00008.mat using Guid(2778d4e53d85fe043ab83fd7f85cf66f) Importer(815301076,1909f56bfc062723c751e8b465ee728b)  -> (artifact id: '6f98341ab9cc2ac71fa213542733c5a1') in 0.010110 seconds 
========================================================================
Received Import Request.
  Time since last request: 0.000031 seconds.
  path: Assets/_Forest Adventure/Art/2BlueWizardIdle/Materials/Chara - BlueIdle00019.mat
  artifactKey: Guid(a114da31d2f518144b08a619939d7c70) Importer(815301076,1909f56bfc062723c751e8b465ee728b)
Start importing Assets/_Forest Adventure/Art/2BlueWizardIdle/Materials/Chara - BlueIdle00019.mat using Guid(a114da31d2f518144b08a619939d7c70) Importer(815301076,1909f56bfc062723c751e8b465ee728b)  -> (artifact id: 'e5a4f71ed427e61263c1c0f4187eb9cf') in 0.009429 seconds 
========================================================================
Received Import Request.
  Time since last request: 0.000031 seconds.
  path: Assets/_Forest Adventure/Art/2BlueWizardIdle/Materials/Chara - BlueIdle00014.mat
  artifactKey: Guid(292764b63b820f549ab722e7294e7466) Importer(815301076,1909f56bfc062723c751e8b465ee728b)
Start importing Assets/_Forest Adventure/Art/2BlueWizardIdle/Materials/Chara - BlueIdle00014.mat using Guid(292764b63b820f549ab722e7294e7466) Importer(815301076,1909f56bfc062723c751e8b465ee728b)  -> (artifact id: '02afd5b7e8d49bf7f118539ab3a660ce') in 0.011345 seconds 
Editor requested this worker to shutdown with reason: Scaling down because of idle timeout
AssetImportWorker is now disconnected from the server
Process exiting
Exiting without the bug reporter. Application will terminate with return code 0