Using pre-set license
Built from '2021.3/staging' branch; Version is '2021.3.21f1 (1b156197d683) revision 1774945'; Using compiler version '192829333'; Build Type 'Release'
OS: 'Windows 11  (10.0.22621) 64bit Professional' Language: 'ru' Physical Memory: 16334 MB
BatchMode: 1, IsHumanControllingUs: 0, StartBugReporterOnCrash: 0, Is64bit: 1, IsPro: 1

COMMAND LINE ARGUMENTS:
D:\Unity\2021.3.21f1\Editor\Unity.exe
-adb2
-batchMode
-noUpm
-name
AssetImportWorker8
-projectPath
C:/Users/mesle/Desktop/Platformer
-logFile
Logs/AssetImportWorker8.log
-srvPort
64820
Successfully changed project path to: C:/Users/mesle/Desktop/Platformer
C:/Users/mesle/Desktop/Platformer
[UnityMemory] Configuration Parameters - Can be set up in boot.config
    "memorysetup-bucket-allocator-granularity=16"
    "memorysetup-bucket-allocator-bucket-count=8"
    "memorysetup-bucket-allocator-block-size=33554432"
    "memorysetup-bucket-allocator-block-count=8"
    "memorysetup-main-allocator-block-size=16777216"
    "memorysetup-thread-allocator-block-size=16777216"
    "memorysetup-gfx-main-allocator-block-size=16777216"
    "memorysetup-gfx-thread-allocator-block-size=16777216"
    "memorysetup-cache-allocator-block-size=4194304"
    "memorysetup-typetree-allocator-block-size=2097152"
    "memorysetup-profiler-bucket-allocator-granularity=16"
    "memorysetup-profiler-bucket-allocator-bucket-count=8"
    "memorysetup-profiler-bucket-allocator-block-size=33554432"
    "memorysetup-profiler-bucket-allocator-block-count=8"
    "memorysetup-profiler-allocator-block-size=16777216"
    "memorysetup-profiler-editor-allocator-block-size=1048576"
    "memorysetup-temp-allocator-size-main=16777216"
    "memorysetup-job-temp-allocator-block-size=2097152"
    "memorysetup-job-temp-allocator-block-size-background=1048576"
    "memorysetup-job-temp-allocator-reduction-small-platforms=262144"
    "memorysetup-temp-allocator-size-background-worker=32768"
    "memorysetup-temp-allocator-size-job-worker=262144"
    "memorysetup-temp-allocator-size-preload-manager=33554432"
    "memorysetup-temp-allocator-size-nav-mesh-worker=65536"
    "memorysetup-temp-allocator-size-audio-worker=65536"
    "memorysetup-temp-allocator-size-cloud-worker=32768"
    "memorysetup-temp-allocator-size-gi-baking-worker=262144"
    "memorysetup-temp-allocator-size-gfx=262144"
Player connection [15664] Host "[IP] 192.168.0.231 [Port] 0 [Flags] 2 [Guid] 2282451826 [EditorId] 2282451826 [Version] 1048832 [Id] WindowsEditor(7,Mishel) [Debug] 1 [PackageName] WindowsEditor [ProjectName] Editor" joined multi-casting on [225.0.0.222:54997]...

Player connection [15664] Host "[IP] 192.168.0.231 [Port] 0 [Flags] 2 [Guid] 2282451826 [EditorId] 2282451826 [Version] 1048832 [Id] WindowsEditor(7,Mishel) [Debug] 1 [PackageName] WindowsEditor [ProjectName] Editor" joined alternative multi-casting on [225.0.0.222:34997]...

Refreshing native plugins compatible for Editor in 158.77 ms, found 4 plugins.
Preloading 0 native plugins for Editor in 0.00 ms.
Initialize engine version: 2021.3.21f1 (1b156197d683)
[Subsystems] Discovering subsystems at path D:/Unity/2021.3.21f1/Editor/Data/Resources/UnitySubsystems
[Subsystems] Discovering subsystems at path C:/Users/mesle/Desktop/Platformer/Assets
GfxDevice: creating device client; threaded=0; jobified=0
Direct3D:
    Version:  Direct3D 11.0 [level 11.1]
    Renderer: NVIDIA GeForce GTX 1650 (ID=0x2188)
    Vendor:   NVIDIA
    VRAM:     3950 MB
    Driver:   31.0.15.2756
Shader 'MoreMountains/MMRipple': fallback shader 'Particle/AlphaBlended' not found
Initialize mono
Mono path[0] = 'D:/Unity/2021.3.21f1/Editor/Data/Managed'
Mono path[1] = 'D:/Unity/2021.3.21f1/Editor/Data/MonoBleedingEdge/lib/mono/unityjit-win32'
Mono config path = 'D:/Unity/2021.3.21f1/Editor/Data/MonoBleedingEdge/etc'
Using monoOptions --debugger-agent=transport=dt_socket,embedding=1,server=y,suspend=n,address=127.0.0.1:56804
Begin MonoManager ReloadAssembly
Registering precompiled unity dll's ...
Register platform support module: D:/Unity/2021.3.21f1/Editor/Data/PlaybackEngines/WebGLSupport/UnityEditor.WebGL.Extensions.dll
Register platform support module: D:/Unity/2021.3.21f1/Editor/Data/PlaybackEngines/WindowsStandaloneSupport/UnityEditor.WindowsStandalone.Extensions.dll
Registered in 0.003043 seconds.
Native extension for WindowsStandalone target not found
Native extension for WebGL target not found
Refreshing native plugins compatible for Editor in 148.92 ms, found 4 plugins.
Preloading 0 native plugins for Editor in 0.00 ms.
Mono: successfully reloaded assembly
- Completed reload, in  0.783 seconds
Domain Reload Profiling:
	ReloadAssembly (784ms)
		BeginReloadAssembly (99ms)
			ExecutionOrderSort (0ms)
			DisableScriptedObjects (0ms)
			BackupInstance (0ms)
			ReleaseScriptingObjects (0ms)
			CreateAndSetChildDomain (1ms)
		EndReloadAssembly (580ms)
			LoadAssemblies (98ms)
			RebuildTransferFunctionScriptingTraits (0ms)
			SetupTypeCache (130ms)
			ReleaseScriptCaches (0ms)
			RebuildScriptCaches (31ms)
			SetupLoadedEditorAssemblies (362ms)
				LogAssemblyErrors (0ms)
				InitializePlatformSupportModulesInManaged (10ms)
				SetLoadedEditorAssemblies (0ms)
				RefreshPlugins (149ms)
				BeforeProcessingInitializeOnLoad (1ms)
				ProcessInitializeOnLoadAttributes (142ms)
				ProcessInitializeOnLoadMethodAttributes (60ms)
				AfterProcessingInitializeOnLoad (0ms)
				EditorAssembliesLoaded (0ms)
			ExecutionOrderSort2 (0ms)
			AwakeInstancesAfterBackupRestoration (0ms)
Platform modules already initialized, skipping
Registering precompiled user dll's ...
Registered in 0.009019 seconds.
Begin MonoManager ReloadAssembly
Symbol file LoadedFromMemory doesn't match image C:\Users\mesle\Desktop\Platformer\Library\PackageCache\com.unity.visualscripting@1.8.0\Editor\VisualScripting.Core\Dependencies\YamlDotNet\Unity.VisualScripting.YamlDotNet.dll
Symbol file LoadedFromMemory doesn't match image C:\Users\mesle\Desktop\Platformer\Library\PackageCache\com.unity.visualscripting@1.8.0\Editor\VisualScripting.Core\Dependencies\DotNetZip\Unity.VisualScripting.IonicZip.dll
Native extension for WindowsStandalone target not found
Native extension for WebGL target not found
Refreshing native plugins compatible for Editor in 157.19 ms, found 4 plugins.
Preloading 0 native plugins for Editor in 0.00 ms.
Mono: successfully reloaded assembly
- Completed reload, in  1.569 seconds
Domain Reload Profiling:
	ReloadAssembly (1570ms)
		BeginReloadAssembly (138ms)
			ExecutionOrderSort (0ms)
			DisableScriptedObjects (7ms)
			BackupInstance (0ms)
			ReleaseScriptingObjects (0ms)
			CreateAndSetChildDomain (24ms)
		EndReloadAssembly (1305ms)
			LoadAssemblies (119ms)
			RebuildTransferFunctionScriptingTraits (0ms)
			SetupTypeCache (332ms)
			ReleaseScriptCaches (1ms)
			RebuildScriptCaches (110ms)
			SetupLoadedEditorAssemblies (690ms)
				LogAssemblyErrors (0ms)
				InitializePlatformSupportModulesInManaged (5ms)
				SetLoadedEditorAssemblies (0ms)
				RefreshPlugins (157ms)
				BeforeProcessingInitializeOnLoad (111ms)
				ProcessInitializeOnLoadAttributes (359ms)
				ProcessInitializeOnLoadMethodAttributes (54ms)
				AfterProcessingInitializeOnLoad (4ms)
				EditorAssembliesLoaded (0ms)
			ExecutionOrderSort2 (0ms)
			AwakeInstancesAfterBackupRestoration (15ms)
Platform modules already initialized, skipping
========================================================================
Worker process is ready to serve import requests
Shader 'MoreMountains/MMRipple': fallback shader 'Particle/AlphaBlended' not found
Launched and connected shader compiler UnityShaderCompiler.exe after 0.07 seconds
Refreshing native plugins compatible for Editor in 1.50 ms, found 4 plugins.
Preloading 0 native plugins for Editor in 0.00 ms.
Unloading 5117 Unused Serialized files (Serialized files now loaded: 0)
Unloading 59 unused Assets / (1.3 MB). Loaded Objects now: 5574.
Memory consumption went from 281.1 MB to 279.8 MB.
Total: 4.803500 ms (FindLiveObjects: 0.519300 ms CreateObjectMapping: 0.190900 ms MarkObjects: 3.797700 ms  DeleteObjects: 0.294200 ms)

AssetImportParameters requested are different than current active one (requested -> active):
  custom:video-decoder-ogg-theora: a1e56fd34408186e4bbccfd4996cb3dc -> 
  custom:container-muxer-webm: aa71ff27fc2769a1b78a27578f13a17b -> 
  custom:container-demuxer-webm: 4f35f7cbe854078d1ac9338744f61a02 -> 
  custom:video-encoder-webm-vp8: eb34c28f22e8b96e1ab97ce403110664 -> 
  custom:video-codec-MediaFoundation-h265: 746d11721c4dcdbdad8f713fa42b33f4 -> 
  custom:audio-encoder-webm-vorbis: bf7c407c2cedff20999df2af8eb42d56 -> 
  custom:framework-win-MediaFoundation: 216162199b28c13a410421893ffa2e32 -> 
  custom:container-demuxer-ogg: 62fdf1f143b41e24485cea50d1cbac27 -> 
  custom:video-decoder-webm-vp8: 9c59270c3fd7afecdb556c50c9e8de78 -> 
  custom:audio-decoder-ogg-vorbis: bf7c407c2cedff20999df2af8eb42d56 -> 
========================================================================
Received Import Request.
  Time since last request: 8759.300968 seconds.
  path: Assets/_Forest Adventure/Art/2BlueWizardIdle/Chara - BlueIdle00008.png
  artifactKey: Guid(5f84663e6d7f38846b5f21e1c277281e) Importer(815301076,1909f56bfc062723c751e8b465ee728b)
Start importing Assets/_Forest Adventure/Art/2BlueWizardIdle/Chara - BlueIdle00008.png using Guid(5f84663e6d7f38846b5f21e1c277281e) Importer(815301076,1909f56bfc062723c751e8b465ee728b)  -> (artifact id: 'f8efe1a88a1dae994b24a675d7b64112') in 0.159913 seconds 
========================================================================
Received Import Request.
  Time since last request: 0.000056 seconds.
  path: Assets/_Forest Adventure/Art/2BlueWizardIdle/Chara - BlueIdle00010.png
  artifactKey: Guid(c96a074abe75a444aa50266811401439) Importer(815301076,1909f56bfc062723c751e8b465ee728b)
Start importing Assets/_Forest Adventure/Art/2BlueWizardIdle/Chara - BlueIdle00010.png using Guid(c96a074abe75a444aa50266811401439) Importer(815301076,1909f56bfc062723c751e8b465ee728b)  -> (artifact id: '6d3522d06716dd334cac4262b0ed9d0f') in 0.132946 seconds 
========================================================================
Received Import Request.
  Time since last request: 0.000068 seconds.
  path: Assets/_Forest Adventure/Art/2BlueWizardIdle/Chara - BlueIdle00009.png
  artifactKey: Guid(09ed743ea3c7f7845a42590fdbebaad3) Importer(815301076,1909f56bfc062723c751e8b465ee728b)
Start importing Assets/_Forest Adventure/Art/2BlueWizardIdle/Chara - BlueIdle00009.png using Guid(09ed743ea3c7f7845a42590fdbebaad3) Importer(815301076,1909f56bfc062723c751e8b465ee728b)  -> (artifact id: '0fc93428ab62114787b575bc87d6c91f') in 0.043001 seconds 
========================================================================
Received Import Request.
  Time since last request: 0.000038 seconds.
  path: Assets/_Forest Adventure/Art/2BlueWizardIdle/Chara - BlueIdle00019.png
  artifactKey: Guid(6cba544e9ac59ff439113dcf7b2ab5ca) Importer(815301076,1909f56bfc062723c751e8b465ee728b)
Start importing Assets/_Forest Adventure/Art/2BlueWizardIdle/Chara - BlueIdle00019.png using Guid(6cba544e9ac59ff439113dcf7b2ab5ca) Importer(815301076,1909f56bfc062723c751e8b465ee728b)  -> (artifact id: 'a9bb526d887be703c4369ba6760fcdf5') in 0.042965 seconds 
========================================================================
Received Import Request.
  Time since last request: 0.000040 seconds.
  path: Assets/_Forest Adventure/Art/2BlueWizardIdle/Chara - BlueIdle00001.png
  artifactKey: Guid(3abc7388898cc634c906348d4279a60d) Importer(815301076,1909f56bfc062723c751e8b465ee728b)
Start importing Assets/_Forest Adventure/Art/2BlueWizardIdle/Chara - BlueIdle00001.png using Guid(3abc7388898cc634c906348d4279a60d) Importer(815301076,1909f56bfc062723c751e8b465ee728b)  -> (artifact id: '60ec610f3e551150d28445e0fae5dd79') in 0.039205 seconds 
========================================================================
Received Import Request.
  Time since last request: 0.000034 seconds.
  path: Assets/_Forest Adventure/Art/2BlueWizardIdle/Chara - BlueIdle00005.png
  artifactKey: Guid(f197be86108c88e46b3eadd0b8497ccd) Importer(815301076,1909f56bfc062723c751e8b465ee728b)
Start importing Assets/_Forest Adventure/Art/2BlueWizardIdle/Chara - BlueIdle00005.png using Guid(f197be86108c88e46b3eadd0b8497ccd) Importer(815301076,1909f56bfc062723c751e8b465ee728b)  -> (artifact id: '5e8c7badb246cfd332d8e60f9df0493a') in 0.028998 seconds 
========================================================================
Received Import Request.
  Time since last request: 0.000033 seconds.
  path: Assets/_Forest Adventure/Art/2BlueWizardIdle/Chara - BlueIdle00003.png
  artifactKey: Guid(ffeb3dd3e73f96f4d8371b771e644af4) Importer(815301076,1909f56bfc062723c751e8b465ee728b)
Start importing Assets/_Forest Adventure/Art/2BlueWizardIdle/Chara - BlueIdle00003.png using Guid(ffeb3dd3e73f96f4d8371b771e644af4) Importer(815301076,1909f56bfc062723c751e8b465ee728b)  -> (artifact id: '8d57a4b27ef4a03be9341e0da7e53e76') in 0.029197 seconds 
========================================================================
Received Import Request.
  Time since last request: 0.000041 seconds.
  path: Assets/_Forest Adventure/Art/2BlueWizardIdle/Chara - BlueIdle00018.png
  artifactKey: Guid(2d46ec4b6b5338e45a570f3b618455a7) Importer(815301076,1909f56bfc062723c751e8b465ee728b)
Start importing Assets/_Forest Adventure/Art/2BlueWizardIdle/Chara - BlueIdle00018.png using Guid(2d46ec4b6b5338e45a570f3b618455a7) Importer(815301076,1909f56bfc062723c751e8b465ee728b)  -> (artifact id: '07b3b8af0db23386fd71beebaac5fa4a') in 0.028785 seconds 
========================================================================
Received Import Request.
  Time since last request: 0.000063 seconds.
  path: Assets/_Forest Adventure/Art/2BlueWizardIdle/Chara - BlueIdle00004.png
  artifactKey: Guid(424578eba97c1364680f8999e3399ae4) Importer(815301076,1909f56bfc062723c751e8b465ee728b)
Start importing Assets/_Forest Adventure/Art/2BlueWizardIdle/Chara - BlueIdle00004.png using Guid(424578eba97c1364680f8999e3399ae4) Importer(815301076,1909f56bfc062723c751e8b465ee728b)  -> (artifact id: 'a6a4d0d5bced660818fb33c8f329f6de') in 0.033717 seconds 
========================================================================
Received Import Request.
  Time since last request: 0.000043 seconds.
  path: Assets/_Forest Adventure/Art/2BlueWizardIdle/Chara - BlueIdle00014.png
  artifactKey: Guid(3e561a5222d50924aa3dad45ebdceaf6) Importer(815301076,1909f56bfc062723c751e8b465ee728b)
Start importing Assets/_Forest Adventure/Art/2BlueWizardIdle/Chara - BlueIdle00014.png using Guid(3e561a5222d50924aa3dad45ebdceaf6) Importer(815301076,1909f56bfc062723c751e8b465ee728b)  -> (artifact id: 'a4b70526645957ed3fc597ccf5793f4b') in 0.049554 seconds 
========================================================================
Received Import Request.
  Time since last request: 34.072867 seconds.
  path: Assets/_Forest Adventure/Art/2BlueWizardIdle/Chara - BlueIdle00008.png
  artifactKey: Guid(5f84663e6d7f38846b5f21e1c277281e) Importer(815301076,1909f56bfc062723c751e8b465ee728b)
Start importing Assets/_Forest Adventure/Art/2BlueWizardIdle/Chara - BlueIdle00008.png using Guid(5f84663e6d7f38846b5f21e1c277281e) Importer(815301076,1909f56bfc062723c751e8b465ee728b)  -> (artifact id: '258ced5b0e39acb6a65d5b4694b956d9') in 0.026579 seconds 
========================================================================
Received Import Request.
  Time since last request: 0.000031 seconds.
  path: Assets/_Forest Adventure/Art/2BlueWizardIdle/Chara - BlueIdle00000.png
  artifactKey: Guid(dd910f5d22d4f8f4b97dada202b6a634) Importer(815301076,1909f56bfc062723c751e8b465ee728b)
Start importing Assets/_Forest Adventure/Art/2BlueWizardIdle/Chara - BlueIdle00000.png using Guid(dd910f5d22d4f8f4b97dada202b6a634) Importer(815301076,1909f56bfc062723c751e8b465ee728b)  -> (artifact id: 'efce946a9881743ef1d50de93f530a2f') in 0.027364 seconds 
========================================================================
Received Import Request.
  Time since last request: 23.009412 seconds.
  path: Assets/_Forest Adventure/Art/2BlueWizardIdle/Chara - BlueIdle00008.png
  artifactKey: Guid(5f84663e6d7f38846b5f21e1c277281e) Importer(815301076,1909f56bfc062723c751e8b465ee728b)
Start importing Assets/_Forest Adventure/Art/2BlueWizardIdle/Chara - BlueIdle00008.png using Guid(5f84663e6d7f38846b5f21e1c277281e) Importer(815301076,1909f56bfc062723c751e8b465ee728b)  -> (artifact id: '96bc0173cb69b11139aa023172f893f3') in 0.042288 seconds 
========================================================================
Received Import Request.
  Time since last request: 0.046783 seconds.
  path: Assets/_Forest Adventure/Art/2BlueWizardIdle/Chara - BlueIdle00000.png
  artifactKey: Guid(dd910f5d22d4f8f4b97dada202b6a634) Importer(815301076,1909f56bfc062723c751e8b465ee728b)
Start importing Assets/_Forest Adventure/Art/2BlueWizardIdle/Chara - BlueIdle00000.png using Guid(dd910f5d22d4f8f4b97dada202b6a634) Importer(815301076,1909f56bfc062723c751e8b465ee728b)  -> (artifact id: '67519480c08381948d6c1d727762c3fe') in 0.091405 seconds 
========================================================================
Received Import Request.
  Time since last request: 0.000029 seconds.
  path: Assets/_Forest Adventure/Art/2BlueWizardIdle/Chara - BlueIdle00006.png
  artifactKey: Guid(d72f2454200916c48baa81654288d90e) Importer(815301076,1909f56bfc062723c751e8b465ee728b)
Start importing Assets/_Forest Adventure/Art/2BlueWizardIdle/Chara - BlueIdle00006.png using Guid(d72f2454200916c48baa81654288d90e) Importer(815301076,1909f56bfc062723c751e8b465ee728b)  -> (artifact id: 'dae8a550b09099c69d97e9167280a7e1') in 0.064585 seconds 
========================================================================
Received Import Request.
  Time since last request: 0.000043 seconds.
  path: Assets/_Forest Adventure/Art/2BlueWizardIdle/Chara - BlueIdle00009.png
  artifactKey: Guid(09ed743ea3c7f7845a42590fdbebaad3) Importer(815301076,1909f56bfc062723c751e8b465ee728b)
Start importing Assets/_Forest Adventure/Art/2BlueWizardIdle/Chara - BlueIdle00009.png using Guid(09ed743ea3c7f7845a42590fdbebaad3) Importer(815301076,1909f56bfc062723c751e8b465ee728b)  -> (artifact id: 'beb6f575c365925f12f4b73f8bccb158') in 0.041408 seconds 
========================================================================
Received Import Request.
  Time since last request: 0.000034 seconds.
  path: Assets/_Forest Adventure/Art/2BlueWizardIdle/Chara - BlueIdle00019.png
  artifactKey: Guid(6cba544e9ac59ff439113dcf7b2ab5ca) Importer(815301076,1909f56bfc062723c751e8b465ee728b)
Start importing Assets/_Forest Adventure/Art/2BlueWizardIdle/Chara - BlueIdle00019.png using Guid(6cba544e9ac59ff439113dcf7b2ab5ca) Importer(815301076,1909f56bfc062723c751e8b465ee728b)  -> (artifact id: 'ee022386e6cf3ff875ca18294d83b274') in 0.041773 seconds 
========================================================================
Received Import Request.
  Time since last request: 0.000050 seconds.
  path: Assets/_Forest Adventure/Art/2BlueWizardIdle/Chara - BlueIdle00005.png
  artifactKey: Guid(f197be86108c88e46b3eadd0b8497ccd) Importer(815301076,1909f56bfc062723c751e8b465ee728b)
Start importing Assets/_Forest Adventure/Art/2BlueWizardIdle/Chara - BlueIdle00005.png using Guid(f197be86108c88e46b3eadd0b8497ccd) Importer(815301076,1909f56bfc062723c751e8b465ee728b)  -> (artifact id: 'e4aaca585f20c4842e6958fc3f94aebb') in 0.046386 seconds 
========================================================================
Received Import Request.
  Time since last request: 0.000036 seconds.
  path: Assets/_Forest Adventure/Art/2BlueWizardIdle/Chara - BlueIdle00004.png
  artifactKey: Guid(424578eba97c1364680f8999e3399ae4) Importer(815301076,1909f56bfc062723c751e8b465ee728b)
Start importing Assets/_Forest Adventure/Art/2BlueWizardIdle/Chara - BlueIdle00004.png using Guid(424578eba97c1364680f8999e3399ae4) Importer(815301076,1909f56bfc062723c751e8b465ee728b)  -> (artifact id: '59d0d7831ef270e187b0695af93b0248') in 0.044929 seconds 
Editor requested this worker to shutdown with reason: Scaling down because of idle timeout
AssetImportWorker is now disconnected from the server
Process exiting
Exiting without the bug reporter. Application will terminate with return code 0